Command line: /usr/libexec/spades/spades.py	-k	127	-1	/home/pfay/Pipeline_Project/results/SRR5660045_mapped.1.fastq	-2	/home/pfay/Pipeline_Project/results/SRR5660045_mapped.2.fastq	-o	/home/pfay/Pipeline_Project/results/SRR5660045_assembly	

System information:
  SPAdes version: 3.15.5
  Python version: 3.12.3
  OS: Linux-6.8.0-90-generic-x86_64-with-glibc2.39

Output dir: /home/pfay/Pipeline_Project/results/SRR5660045_assembly
Mode: read error correction and assembling
Debug mode is turned OFF

Dataset parameters:
  Standard mode
  For multi-cell/isolate data we recommend to use '--isolate' option; for single-cell MDA data use '--sc'; for metagenomic data use '--meta'; for RNA-Seq use '--rna'.
  Reads:
    Library number: 1, library type: paired-end
      orientation: fr
      left reads: ['/home/pfay/Pipeline_Project/results/SRR5660045_mapped.1.fastq']
      right reads: ['/home/pfay/Pipeline_Project/results/SRR5660045_mapped.2.fastq']
      interlaced reads: not specified
      single reads: not specified
      merged reads: not specified
Read error correction parameters:
  Iterations: 1
  PHRED offset will be auto-detected
  Corrected reads will be compressed
Assembly parameters:
  k: [127]
  Repeat resolution is enabled
  Mismatch careful mode is turned OFF
  MismatchCorrector will be SKIPPED
  Coverage cutoff is turned OFF
Other parameters:
  Dir for temp files: /home/pfay/Pipeline_Project/results/SRR5660045_assembly/tmp
  Threads: 16
  Memory limit (in Gb): 250


======= SPAdes pipeline started. Log can be found here: /home/pfay/Pipeline_Project/results/SRR5660045_assembly/spades.log

/home/pfay/Pipeline_Project/results/SRR5660045_mapped.1.fastq: max reads length: 151
/home/pfay/Pipeline_Project/results/SRR5660045_mapped.2.fastq: max reads length: 151

Reads length: 151


===== Before start started. 


===== Read error correction started. 


===== Read error correction started. 


== Running: /usr/libexec/spades/spades-hammer /home/pfay/Pipeline_Project/results/SRR5660045_assembly/corrected/configs/config.info

  0:00:00.000     1M / 18M   INFO    General                 (main.cpp                  :  75)   Starting BayesHammer, built from N/A, git revision N/A
  0:00:00.000     1M / 18M   INFO    General                 (main.cpp                  :  76)   Loading config from /home/pfay/Pipeline_Project/results/SRR5660045_assembly/corrected/configs/config.info
  0:00:00.000     1M / 18M   INFO    General                 (main.cpp                  :  78)   Maximum # of threads to use (adjusted due to OMP capabilities): 1
  0:00:00.000     1M / 18M   INFO    General                 (memory_limit.cpp          :  54)   Memory limit set to 250 Gb
  0:00:00.000     1M / 18M   INFO    General                 (main.cpp                  :  86)   Trying to determine PHRED offset
  0:00:00.000     1M / 18M   INFO    General                 (main.cpp                  :  92)   Determined value is 33
  0:00:00.000     1M / 18M   INFO    General                 (hammer_tools.cpp          :  38)   Hamming graph threshold tau=1, k=21, subkmer positions = [ 0 10 ]
  0:00:00.000     1M / 18M   INFO    General                 (main.cpp                  : 113)   Size of aux. kmer data 24 bytes
     === ITERATION 0 begins ===
  0:00:00.000     1M / 18M   INFO    General                 (kmer_index_builder.hpp    : 243)   Splitting kmer instances into 16 files using 1 threads. This might take a while.
  0:00:00.000     1M / 18M   INFO    General                 (file_limit.hpp            :  42)   Open file limit set to 1048576
  0:00:00.000     1M / 18M   INFO    General                 (kmer_splitter.hpp         :  93)   Memory available for splitting buffers: 83.3333 Gb
  0:00:00.000     1M / 18M   INFO    General                 (kmer_splitter.hpp         : 101)   Using cell size of 4194304
  0:00:00.001   577M / 577M  INFO   K-mer Splitting          (kmer_data.cpp             :  97)   Processing /home/pfay/Pipeline_Project/results/SRR5660045_mapped.1.fastq
  0:00:00.203   577M / 577M  INFO   K-mer Splitting          (kmer_data.cpp             :  97)   Processing /home/pfay/Pipeline_Project/results/SRR5660045_mapped.2.fastq
  0:00:00.400   577M / 577M  INFO   K-mer Splitting          (kmer_data.cpp             : 112)   Total 7806 reads processed
  0:00:00.400     1M / 18M   INFO    General                 (kmer_index_builder.hpp    : 249)   Starting k-mer counting.
  0:00:00.416     1M / 18M   INFO    General                 (kmer_index_builder.hpp    : 260)   K-mer counting done. There are 400392 kmers in total.
  0:00:00.416     1M / 18M   INFO   K-mer Index Building     (kmer_index_builder.hpp    : 395)   Building perfect hash indices
  0:00:00.467     1M / 18M   INFO   K-mer Index Building     (kmer_index_builder.hpp    : 431)   Index built. Total 400392 kmers, 301208 bytes occupied (6.01826 bits per kmer).
  0:00:00.467     1M / 18M   INFO   K-mer Counting           (kmer_data.cpp             : 354)   Arranging kmers in hash map order
  0:00:00.496     7M / 18M   INFO    General                 (main.cpp                  : 148)   Clustering Hamming graph.
  0:00:01.800     7M / 18M   INFO    General                 (main.cpp                  : 155)   Extracting clusters:
  0:00:01.800     7M / 18M   INFO    General                 (concurrent_dsu.cpp        :  18)   Connecting to root
  0:00:01.804     7M / 18M   INFO    General                 (concurrent_dsu.cpp        :  34)   Calculating counts
  0:00:01.841    16M / 24M   INFO    General                 (concurrent_dsu.cpp        :  63)   Writing down entries
  0:00:01.889     7M / 29M   INFO    General                 (main.cpp                  : 167)   Clustering done. Total clusters: 256360
  0:00:01.889     4M / 29M   INFO   K-mer Counting           (kmer_data.cpp             : 371)   Collecting K-mer information, this takes a while.
  0:00:01.891    14M / 29M   INFO   K-mer Counting           (kmer_data.cpp             : 377)   Processing /home/pfay/Pipeline_Project/results/SRR5660045_mapped.1.fastq
  0:00:02.303    14M / 29M   INFO   K-mer Counting           (kmer_data.cpp             : 377)   Processing /home/pfay/Pipeline_Project/results/SRR5660045_mapped.2.fastq
  0:00:02.718    14M / 29M   INFO   K-mer Counting           (kmer_data.cpp             : 384)   Collection done, postprocessing.
  0:00:02.720    14M / 29M   INFO   K-mer Counting           (kmer_data.cpp             : 397)   There are 400392 kmers in total. Among them 172798 (43.1572%) are singletons.
  0:00:02.720    14M / 29M   INFO    General                 (main.cpp                  : 173)   Subclustering Hamming graph
  0:00:03.056    14M / 30M   INFO   Hamming Subclustering    (kmer_cluster.cpp          : 650)   Subclustering done. Total 0 non-read kmers were generated.
  0:00:03.056    14M / 30M   INFO   Hamming Subclustering    (kmer_cluster.cpp          : 651)   Subclustering statistics:
  0:00:03.056    14M / 30M   INFO   Hamming Subclustering    (kmer_cluster.cpp          : 652)     Total singleton hamming clusters: 180978. Among them 143796 (79.455%) are good
  0:00:03.056    14M / 30M   INFO   Hamming Subclustering    (kmer_cluster.cpp          : 653)     Total singleton subclusters: 28. Among them 28 (100%) are good
  0:00:03.056    14M / 30M   INFO   Hamming Subclustering    (kmer_cluster.cpp          : 654)     Total non-singleton subcluster centers: 75438. Among them 63310 (83.9232%) are good
  0:00:03.056    14M / 30M   INFO   Hamming Subclustering    (kmer_cluster.cpp          : 655)     Average size of non-trivial subcluster: 2.90853 kmers
  0:00:03.056    14M / 30M   INFO   Hamming Subclustering    (kmer_cluster.cpp          : 656)     Average number of sub-clusters per non-singleton cluster: 1.00111
  0:00:03.056    14M / 30M   INFO   Hamming Subclustering    (kmer_cluster.cpp          : 657)     Total solid k-mers: 207134
  0:00:03.056    14M / 30M   INFO   Hamming Subclustering    (kmer_cluster.cpp          : 658)     Substitution probabilities: [4,4]((0.924037,0.0109975,0.0417471,0.0232183),(0.00637749,0.968194,0.00452322,0.0209053),(0.0189854,0.00407084,0.969768,0.00717626),(0.0214558,0.0393517,0.00996864,0.929224))
  0:00:03.057    14M / 30M   INFO    General                 (main.cpp                  : 178)   Finished clustering.
  0:00:03.057    14M / 30M   INFO    General                 (main.cpp                  : 197)   Starting solid k-mers expansion in 1 threads.
  0:00:03.214    14M / 30M   INFO    General                 (main.cpp                  : 218)   Solid k-mers iteration 0 produced 5004 new k-mers.
  0:00:03.368    14M / 30M   INFO    General                 (main.cpp                  : 218)   Solid k-mers iteration 1 produced 0 new k-mers.
  0:00:03.368    14M / 30M   INFO    General                 (main.cpp                  : 222)   Solid k-mers finalized
  0:00:03.368    14M / 30M   INFO    General                 (hammer_tools.cpp          : 222)   Starting read correction in 1 threads.
  0:00:03.368    14M / 30M   INFO    General                 (hammer_tools.cpp          : 235)   Correcting pair of reads: /home/pfay/Pipeline_Project/results/SRR5660045_mapped.1.fastq and /home/pfay/Pipeline_Project/results/SRR5660045_mapped.2.fastq
  0:00:03.398    39M / 48M   INFO    General                 (hammer_tools.cpp          : 170)   Prepared batch 0 of 3903 reads.
  0:00:03.734    39M / 48M   INFO    General                 (hammer_tools.cpp          : 177)   Processed batch 0
  0:00:03.744    39M / 48M   INFO    General                 (hammer_tools.cpp          : 187)   Written batch 0
  0:00:03.747    14M / 48M   INFO    General                 (hammer_tools.cpp          : 276)   Correction done. Changed 5920 bases in 3403 reads.
  0:00:03.747    14M / 48M   INFO    General                 (hammer_tools.cpp          : 277)   Failed to correct 0 bases out of 1144408.
  0:00:03.747     1M / 48M   INFO    General                 (main.cpp                  : 255)   Saving corrected dataset description to /home/pfay/Pipeline_Project/results/SRR5660045_assembly/corrected/corrected.yaml
  0:00:03.747     1M / 48M   INFO    General                 (main.cpp                  : 262)   All done. Exiting.

===== Read error correction finished. 


===== corrected reads compression started. 


== Running: /usr/bin/python3 /usr/share/spades/spades_pipeline/scripts/compress_all.py --input_file /home/pfay/Pipeline_Project/results/SRR5660045_assembly/corrected/corrected.yaml --ext_python_modules_home /usr/share/spades --max_threads 16 --output_dir /home/pfay/Pipeline_Project/results/SRR5660045_assembly/corrected --gzip_output

== Compressing corrected reads (with gzip)
== Files to compress: ['/home/pfay/Pipeline_Project/results/SRR5660045_assembly/corrected/SRR5660045_mapped.1.00.0_0.cor.fastq', '/home/pfay/Pipeline_Project/results/SRR5660045_assembly/corrected/SRR5660045_mapped.2.00.0_0.cor.fastq', '/home/pfay/Pipeline_Project/results/SRR5660045_assembly/corrected/SRR5660045_mapped._unpaired.00.0_0.cor.fastq']
== Files compression is finished
== Dataset yaml file is updated

===== corrected reads compression finished. 


===== Read error correction finished. 


===== Assembling started. 


===== K127 started. 


== Running: /usr/libexec/spades/spades-core /home/pfay/Pipeline_Project/results/SRR5660045_assembly/K127/configs/config.info

  0:00:00.000     1M / 18M   INFO    General                 (main.cpp                  :  99)   Loaded config from /home/pfay/Pipeline_Project/results/SRR5660045_assembly/K127/configs/config.info
  0:00:00.000     1M / 18M   INFO    General                 (memory_limit.cpp          :  54)   Memory limit set to 250 Gb
  0:00:00.000     1M / 18M   INFO    General                 (main.cpp                  : 107)   Starting SPAdes, built from N/A, git revision N/A
  0:00:00.000     1M / 18M   INFO    General                 (main.cpp                  : 108)   Maximum k-mer length: 128
  0:00:00.000     1M / 18M   INFO    General                 (main.cpp                  : 109)   Assembling dataset (/home/pfay/Pipeline_Project/results/SRR5660045_assembly/dataset.info) with K=127
  0:00:00.000     1M / 18M   INFO    General                 (main.cpp                  : 110)   Maximum # of threads to use (adjusted due to OMP capabilities): 1
  0:00:00.000     1M / 18M   INFO    General                 (pipeline.cpp              : 212)   SPAdes started
  0:00:00.000     1M / 18M   INFO    General                 (pipeline.cpp              : 225)   Starting from stage: read_conversion
  0:00:00.000     1M / 18M   INFO    General                 (pipeline.cpp              : 231)   Two-step repeat resolution disabled
  0:00:00.000     1M / 18M   INFO   GraphCore                (graph_core.hpp            : 672)   Graph created, vertex min_id: 3, edge min_id: 3
  0:00:00.000     1M / 18M   INFO   GraphCore                (graph_core.hpp            : 673)   Vertex size: 48, edge size: 40
  0:00:00.000     1M / 18M   INFO    General                 (edge_index.hpp            : 113)   Size of edge index entries: 12/8
  0:00:00.000     1M / 18M   INFO    General                 (pipeline.cpp              : 242)   Will need read mapping, kmer mapper will be attached
  0:00:00.000     1M / 18M   INFO   StageManager             (stage.cpp                 : 185)   STAGE == Binary Read Conversion (id: read_conversion)
  0:00:00.000     1M / 18M   INFO    General                 (read_converter.cpp        :  72)   Converting reads to binary format for library #0 (takes a while)
  0:00:00.000     1M / 18M   INFO    General                 (read_converter.cpp        :  73)   Converting paired reads
  0:00:00.041    23M / 23M   INFO    General                 (binary_converter.cpp      : 111)   3899 reads written
  0:00:00.041     1M / 18M   INFO    General                 (read_converter.cpp        :  86)   Converting single reads
  0:00:00.041    11M / 18M   INFO    General                 (binary_converter.cpp      : 111)   3 reads written
  0:00:00.041     1M / 18M   INFO    General                 (read_converter.cpp        :  92)   Converting merged reads
  0:00:00.041    11M / 18M   INFO    General                 (binary_converter.cpp      : 111)   0 reads written
  0:00:00.042     1M / 18M   INFO   StageManager             (stage.cpp                 : 185)   STAGE == de Bruijn graph construction (id: construction)
  0:00:00.042     1M / 18M   INFO    General                 (construction.cpp          : 153)   Max read length 151
  0:00:00.042     1M / 18M   INFO    General                 (construction.cpp          : 159)   Average read length 146.603
  0:00:00.042     1M / 18M   INFO    General                 (stage.cpp                 : 117)   PROCEDURE == k+1-mer counting (id: construction:kpomer_counting)
  0:00:00.042     1M / 18M   INFO    General                 (kmer_index_builder.hpp    : 243)   Splitting kmer instances into 10 files using 1 threads. This might take a while.
  0:00:00.042     1M / 18M   INFO    General                 (file_limit.hpp            :  42)   Open file limit set to 1048576
  0:00:00.042     1M / 18M   INFO    General                 (kmer_splitter.hpp         :  93)   Memory available for splitting buffers: 83.3333 Gb
  0:00:00.042     1M / 18M   INFO    General                 (kmer_splitter.hpp         : 101)   Using cell size of 1677721
  0:00:00.093     1M / 18M   INFO    General                 (kmer_splitters.hpp        : 131)   Used 15602 reads
  0:00:00.094     1M / 18M   INFO    General                 (kmer_index_builder.hpp    : 249)   Starting k-mer counting.
  0:00:00.098     1M / 18M   INFO    General                 (kmer_index_builder.hpp    : 260)   K-mer counting done. There are 65504 kmers in total.
  0:00:00.098     1M / 18M   INFO    General                 (stage.cpp                 : 117)   PROCEDURE == Extension index construction (id: construction:extension_index_construction)
  0:00:00.098     1M / 18M   INFO   K-mer Index Building     (kmer_index_builder.hpp    : 438)   Building kmer index
  0:00:00.098     1M / 18M   INFO    General                 (kmer_index_builder.hpp    : 243)   Splitting kmer instances into 10 files using 1 threads. This might take a while.
  0:00:00.098     1M / 18M   INFO    General                 (file_limit.hpp            :  42)   Open file limit set to 1048576
  0:00:00.098     1M / 18M   INFO    General                 (kmer_splitter.hpp         :  93)   Memory available for splitting buffers: 83.3333 Gb
  0:00:00.098     1M / 18M   INFO    General                 (kmer_splitter.hpp         : 101)   Using cell size of 1677721
  0:00:00.136   601M / 601M  INFO    General                 (kmer_splitters.hpp        : 194)   Processed 65504 kmers
  0:00:00.136   601M / 601M  INFO    General                 (kmer_splitters.hpp        : 199)   Used 65504 kmers.
  0:00:00.136     1M / 18M   INFO    General                 (kmer_index_builder.hpp    : 249)   Starting k-mer counting.
  0:00:00.141     1M / 18M   INFO    General                 (kmer_index_builder.hpp    : 260)   K-mer counting done. There are 67235 kmers in total.
  0:00:00.141     1M / 18M   INFO   K-mer Index Building     (kmer_index_builder.hpp    : 395)   Building perfect hash indices
  0:00:00.152     1M / 18M   INFO   K-mer Index Building     (kmer_index_builder.hpp    : 431)   Index built. Total 67235 kmers, 56128 bytes occupied (6.67843 bits per kmer).
  0:00:00.152     1M / 18M   INFO    General                 (kmer_index_builder.hpp    : 169)   Merging final buckets.
  0:00:00.155     1M / 18M   INFO   DeBruijnExtensionIndexBu (kmer_extension_index_build: 100)   Building k-mer extensions from k+1-mers
  0:00:00.174     1M / 18M   INFO   DeBruijnExtensionIndexBu (kmer_extension_index_build: 105)   Building k-mer extensions from k+1-mers finished.
  0:00:00.174     1M / 18M   INFO    General                 (stage.cpp                 : 117)   PROCEDURE == Condensing graph (id: construction:graph_condensing)
  0:00:00.174     1M / 18M   INFO   UnbranchingPathExtractor (debruijn_graph_constructor: 354)   Extracting unbranching paths
  0:00:00.206     1M / 18M   INFO   UnbranchingPathExtractor (debruijn_graph_constructor: 373)   Extracting unbranching paths finished. 2682 sequences extracted
  0:00:00.227     1M / 18M   INFO   UnbranchingPathExtractor (debruijn_graph_constructor: 309)   Collecting perfect loops
  0:00:00.234     1M / 18M   INFO   UnbranchingPathExtractor (debruijn_graph_constructor: 342)   Collecting perfect loops finished. 0 loops collected
  0:00:00.235     1M / 18M   INFO    General                 (debruijn_graph_constructor: 487)   Total 5364 edges to create
  0:00:00.235     1M / 18M   INFO    General                 (debruijn_graph_constructor: 489)   Collecting link records
  0:00:00.238     1M / 18M   INFO    General                 (debruijn_graph_constructor: 491)   Ordering link records
  0:00:00.239     1M / 18M   INFO    General                 (debruijn_graph_constructor: 493)   Sorting done
  0:00:00.239     1M / 18M   INFO    General                 (debruijn_graph_constructor: 503)   Total 4413 vertices to create
  0:00:00.239     2M / 18M   INFO    General                 (debruijn_graph_constructor: 506)   Connecting the graph
  0:00:00.239     2M / 18M   INFO    General                 (stage.cpp                 : 117)   PROCEDURE == Filling coverage indices (PHM) (id: construction:coverage_filling_phm)
  0:00:00.239     2M / 18M   INFO   K-mer Index Building     (kmer_index_builder.hpp    : 395)   Building perfect hash indices
  0:00:00.250     2M / 18M   INFO   K-mer Index Building     (kmer_index_builder.hpp    : 431)   Index built. Total 65504 kmers, 54896 bytes occupied (6.70445 bits per kmer).
  0:00:00.250     2M / 18M   INFO    General                 (coverage_hash_map_builder.:  47)   Collecting k-mer coverage information from reads, this takes a while.
  0:00:00.280     2M / 18M   INFO    General                 (construction.cpp          : 430)   Filling coverage and flanking coverage from PHM
  0:00:00.301     2M / 18M   INFO    General                 (coverage_filling.hpp      :  82)   Processed 5364 edges
  0:00:00.302     1M / 18M   INFO   StageManager             (stage.cpp                 : 185)   STAGE == EC Threshold Finding (id: ec_threshold_finder)
  0:00:00.302     1M / 18M   INFO    General                 (kmer_coverage_model.cpp   : 181)   Kmer coverage valley at: 15
  0:00:00.302     1M / 18M   INFO    General                 (kmer_coverage_model.cpp   : 201)   K-mer histogram maximum: 18
  0:00:00.302     1M / 18M   INFO    General                 (kmer_coverage_model.cpp   : 237)   Estimated median coverage: 19. Coverage mad: 4.4478
  0:00:00.302     1M / 18M   INFO    General                 (kmer_coverage_model.cpp   : 259)   Fitting coverage model
  0:00:00.310     1M / 18M   INFO    General                 (kmer_coverage_model.cpp   : 295)   ... iteration 2
  0:00:00.330     1M / 18M   INFO    General                 (kmer_coverage_model.cpp   : 295)   ... iteration 4
  0:00:00.402     1M / 18M   INFO    General                 (kmer_coverage_model.cpp   : 295)   ... iteration 8
  0:00:00.543     1M / 18M   INFO    General                 (kmer_coverage_model.cpp   : 295)   ... iteration 16
  0:00:00.842     1M / 18M   INFO    General                 (kmer_coverage_model.cpp   : 295)   ... iteration 32
  0:00:01.457     1M / 18M   INFO    General                 (kmer_coverage_model.cpp   : 295)   ... iteration 64
  0:00:02.101     1M / 18M   INFO    General                 (kmer_coverage_model.cpp   : 309)   Fitted mean coverage: 5. Fitted coverage std. dev: 7.71972e-16
  0:00:02.101     1M / 18M   WARN    General                 (kmer_coverage_model.cpp   : 327)   Valley value was estimated improperly, reset to 3
  0:00:02.102     1M / 18M   INFO    General                 (kmer_coverage_model.cpp   : 334)   Probability of erroneous kmer at valley: 1
  0:00:02.102     1M / 18M   INFO    General                 (kmer_coverage_model.cpp   : 358)   Preliminary threshold calculated as: 5
  0:00:02.102     1M / 18M   INFO    General                 (kmer_coverage_model.cpp   : 362)   Threshold adjusted to: 4
  0:00:02.102     1M / 18M   INFO    General                 (kmer_coverage_model.cpp   : 375)   Estimated genome size (ignoring repeats): 10659
  0:00:02.102     1M / 18M   INFO    General                 (genomic_info_filler.cpp   :  55)   Mean coverage was calculated as 5
  0:00:02.102     1M / 18M   INFO    General                 (genomic_info_filler.cpp   :  70)   EC coverage threshold value was calculated as 4
  0:00:02.102     1M / 18M   INFO    General                 (genomic_info_filler.cpp   :  71)   Trusted kmer low bound: 0
  0:00:02.102     1M / 18M   INFO   StageManager             (stage.cpp                 : 185)   STAGE == Gap Closer (id: early_gapcloser)
  0:00:02.110    10M / 22M   INFO    General                 (edge_index.hpp            : 113)   Size of edge index entries: 12/8
  0:00:02.112    11M / 22M   INFO    General                 (gap_closer.cpp            : 101)   Total edges in tip neighborhood: 4452 out of 5364, length: 110564
  0:00:02.112    11M / 22M   INFO    General                 (edge_index.hpp            : 167)   Using small index (max_id = 5393)
  0:00:02.118    11M / 22M   INFO   K-mer Index Building     (kmer_index_builder.hpp    : 395)   Building perfect hash indices
  0:00:02.146    11M / 22M   INFO   K-mer Index Building     (kmer_index_builder.hpp    : 431)   Index built. Total 61331 kmers, 45064 bytes occupied (5.87814 bits per kmer).
  0:00:02.147    11M / 22M   INFO    General                 (edge_index_builders.hpp   : 265)   Collecting edge information from graph, this takes a while.
  0:00:02.178    11M / 22M   INFO    General                 (sequence_mapper_notifier.h:  95)   Total 3899 reads processed
  0:00:02.182    11M / 23M   INFO    General                 (gap_closer.cpp            : 452)   Initializing gap closer
  0:00:02.182    11M / 23M   INFO   GapCloser                (gap_closer.cpp            : 359)   Closing short gaps
  0:00:02.187    11M / 23M   INFO   GapCloser                (gap_closer.cpp            : 391)   Closing short gaps complete: filled 159 gaps after checking 348 candidates
  0:00:02.188    11M / 23M   INFO    General                 (gap_closer.cpp            : 456)   Gap closer done
  0:00:02.189     2M / 23M   INFO   StageManager             (stage.cpp                 : 185)   STAGE == Raw Simplification (id: raw_simplification)
  0:00:02.189     2M / 23M   INFO    General                 (simplification.cpp        : 127)   PROCEDURE == Initial cleaning
  0:00:02.189     2M / 23M   INFO    General                 (simplification.cpp        :  66)   Most init cleaning disabled since detected mean 5 was less than activation coverage 10
  0:00:02.189     2M / 23M   INFO   Simplification           (parallel_processing.hpp   : 167)   Running Self conjugate edge remover
  0:00:02.190     2M / 23M   INFO   Simplification           (parallel_processing.hpp   : 170)   Self conjugate edge remover triggered 0 times
  0:00:02.190     2M / 23M   INFO   StageManager             (stage.cpp                 : 185)   STAGE == Simplification (id: simplification)
  0:00:02.190     2M / 23M   INFO    General                 (simplification.cpp        : 368)   Graph simplification started
  0:00:02.190     2M / 23M   INFO    General                 (graph_simplification.hpp  : 634)   Creating parallel br instance
  0:00:02.190     2M / 23M   INFO    General                 (simplification.cpp        : 373)   PROCEDURE == Simplification cycle, iteration 1
  0:00:02.190     2M / 23M   INFO   Simplification           (parallel_processing.hpp   : 167)   Running Tip clipper
  0:00:02.193     2M / 23M   INFO   Simplification           (parallel_processing.hpp   : 170)   Tip clipper triggered 480 times
  0:00:02.193     2M / 23M   INFO   Simplification           (parallel_processing.hpp   : 167)   Running Bulge remover
  0:00:02.194     2M / 23M   INFO   Simplification           (parallel_processing.hpp   : 170)   Bulge remover triggered 0 times
  0:00:02.194     2M / 23M   INFO   Simplification           (parallel_processing.hpp   : 167)   Running Low coverage edge remover
  0:00:02.194     2M / 23M   INFO   Simplification           (parallel_processing.hpp   : 170)   Low coverage edge remover triggered 0 times
  0:00:02.194     2M / 23M   INFO    General                 (simplification.cpp        : 373)   PROCEDURE == Simplification cycle, iteration 2
  0:00:02.194     2M / 23M   INFO   Simplification           (parallel_processing.hpp   : 167)   Running Tip clipper
  0:00:02.194     2M / 23M   INFO   Simplification           (parallel_processing.hpp   : 170)   Tip clipper triggered 0 times
  0:00:02.194     2M / 23M   INFO   Simplification           (parallel_processing.hpp   : 167)   Running Bulge remover
  0:00:02.194     2M / 23M   INFO   Simplification           (parallel_processing.hpp   : 170)   Bulge remover triggered 0 times
  0:00:02.194     2M / 23M   INFO   Simplification           (parallel_processing.hpp   : 167)   Running Low coverage edge remover
  0:00:02.194     2M / 23M   INFO   Simplification           (parallel_processing.hpp   : 170)   Low coverage edge remover triggered 0 times
  0:00:02.194     2M / 23M   INFO    General                 (simplification.cpp        : 373)   PROCEDURE == Simplification cycle, iteration 3
  0:00:02.194     2M / 23M   INFO   Simplification           (parallel_processing.hpp   : 167)   Running Tip clipper
  0:00:02.194     2M / 23M   INFO   Simplification           (parallel_processing.hpp   : 170)   Tip clipper triggered 0 times
  0:00:02.194     2M / 23M   INFO   Simplification           (parallel_processing.hpp   : 167)   Running Bulge remover
  0:00:02.194     2M / 23M   INFO   Simplification           (parallel_processing.hpp   : 170)   Bulge remover triggered 0 times
  0:00:02.194     2M / 23M   INFO   Simplification           (parallel_processing.hpp   : 167)   Running Low coverage edge remover
  0:00:02.194     2M / 23M   INFO   Simplification           (parallel_processing.hpp   : 170)   Low coverage edge remover triggered 0 times
  0:00:02.194     2M / 23M   INFO    General                 (simplification.cpp        : 373)   PROCEDURE == Simplification cycle, iteration 4
  0:00:02.194     2M / 23M   INFO   Simplification           (parallel_processing.hpp   : 167)   Running Tip clipper
  0:00:02.194     2M / 23M   INFO   Simplification           (parallel_processing.hpp   : 170)   Tip clipper triggered 0 times
  0:00:02.194     2M / 23M   INFO   Simplification           (parallel_processing.hpp   : 167)   Running Bulge remover
  0:00:02.194     2M / 23M   INFO   Simplification           (parallel_processing.hpp   : 170)   Bulge remover triggered 0 times
  0:00:02.194     2M / 23M   INFO   Simplification           (parallel_processing.hpp   : 167)   Running Low coverage edge remover
  0:00:02.194     2M / 23M   INFO   Simplification           (parallel_processing.hpp   : 170)   Low coverage edge remover triggered 0 times
  0:00:02.194     2M / 23M   INFO    General                 (simplification.cpp        : 373)   PROCEDURE == Simplification cycle, iteration 5
  0:00:02.194     2M / 23M   INFO   Simplification           (parallel_processing.hpp   : 167)   Running Tip clipper
  0:00:02.194     2M / 23M   INFO   Simplification           (parallel_processing.hpp   : 170)   Tip clipper triggered 0 times
  0:00:02.194     2M / 23M   INFO   Simplification           (parallel_processing.hpp   : 167)   Running Bulge remover
  0:00:02.194     2M / 23M   INFO   Simplification           (parallel_processing.hpp   : 170)   Bulge remover triggered 0 times
  0:00:02.194     2M / 23M   INFO   Simplification           (parallel_processing.hpp   : 167)   Running Low coverage edge remover
  0:00:02.194     2M / 23M   INFO   Simplification           (parallel_processing.hpp   : 170)   Low coverage edge remover triggered 0 times
  0:00:02.194     2M / 23M   INFO    General                 (simplification.cpp        : 373)   PROCEDURE == Simplification cycle, iteration 6
  0:00:02.194     2M / 23M   INFO   Simplification           (parallel_processing.hpp   : 167)   Running Tip clipper
  0:00:02.194     2M / 23M   INFO   Simplification           (parallel_processing.hpp   : 170)   Tip clipper triggered 0 times
  0:00:02.194     2M / 23M   INFO   Simplification           (parallel_processing.hpp   : 167)   Running Bulge remover
  0:00:02.194     2M / 23M   INFO   Simplification           (parallel_processing.hpp   : 170)   Bulge remover triggered 0 times
  0:00:02.194     2M / 23M   INFO   Simplification           (parallel_processing.hpp   : 167)   Running Low coverage edge remover
  0:00:02.194     2M / 23M   INFO   Simplification           (parallel_processing.hpp   : 170)   Low coverage edge remover triggered 0 times
  0:00:02.194     2M / 23M   INFO    General                 (simplification.cpp        : 373)   PROCEDURE == Simplification cycle, iteration 7
  0:00:02.194     2M / 23M   INFO   Simplification           (parallel_processing.hpp   : 167)   Running Tip clipper
  0:00:02.195     2M / 23M   INFO   Simplification           (parallel_processing.hpp   : 170)   Tip clipper triggered 0 times
  0:00:02.195     2M / 23M   INFO   Simplification           (parallel_processing.hpp   : 167)   Running Bulge remover
  0:00:02.195     2M / 23M   INFO   Simplification           (parallel_processing.hpp   : 170)   Bulge remover triggered 0 times
  0:00:02.195     2M / 23M   INFO   Simplification           (parallel_processing.hpp   : 167)   Running Low coverage edge remover
  0:00:02.195     2M / 23M   INFO   Simplification           (parallel_processing.hpp   : 170)   Low coverage edge remover triggered 0 times
  0:00:02.195     2M / 23M   INFO    General                 (simplification.cpp        : 373)   PROCEDURE == Simplification cycle, iteration 8
  0:00:02.195     2M / 23M   INFO   Simplification           (parallel_processing.hpp   : 167)   Running Tip clipper
  0:00:02.195     2M / 23M   INFO   Simplification           (parallel_processing.hpp   : 170)   Tip clipper triggered 0 times
  0:00:02.195     2M / 23M   INFO   Simplification           (parallel_processing.hpp   : 167)   Running Bulge remover
  0:00:02.195     2M / 23M   INFO   Simplification           (parallel_processing.hpp   : 170)   Bulge remover triggered 0 times
  0:00:02.195     2M / 23M   INFO   Simplification           (parallel_processing.hpp   : 167)   Running Low coverage edge remover
  0:00:02.195     2M / 23M   INFO   Simplification           (parallel_processing.hpp   : 170)   Low coverage edge remover triggered 0 times
  0:00:02.195     2M / 23M   INFO    General                 (simplification.cpp        : 373)   PROCEDURE == Simplification cycle, iteration 9
  0:00:02.195     2M / 23M   INFO   Simplification           (parallel_processing.hpp   : 167)   Running Tip clipper
  0:00:02.195     2M / 23M   INFO   Simplification           (parallel_processing.hpp   : 170)   Tip clipper triggered 0 times
  0:00:02.195     2M / 23M   INFO   Simplification           (parallel_processing.hpp   : 167)   Running Bulge remover
  0:00:02.195     2M / 23M   INFO   Simplification           (parallel_processing.hpp   : 170)   Bulge remover triggered 0 times
  0:00:02.195     2M / 23M   INFO   Simplification           (parallel_processing.hpp   : 167)   Running Low coverage edge remover
  0:00:02.195     2M / 23M   INFO   Simplification           (parallel_processing.hpp   : 170)   Low coverage edge remover triggered 0 times
  0:00:02.195     2M / 23M   INFO    General                 (simplification.cpp        : 373)   PROCEDURE == Simplification cycle, iteration 10
  0:00:02.195     2M / 23M   INFO   Simplification           (parallel_processing.hpp   : 167)   Running Tip clipper
  0:00:02.195     2M / 23M   INFO   Simplification           (parallel_processing.hpp   : 170)   Tip clipper triggered 0 times
  0:00:02.195     2M / 23M   INFO   Simplification           (parallel_processing.hpp   : 167)   Running Bulge remover
  0:00:02.195     2M / 23M   INFO   Simplification           (parallel_processing.hpp   : 170)   Bulge remover triggered 0 times
  0:00:02.195     2M / 23M   INFO   Simplification           (parallel_processing.hpp   : 167)   Running Low coverage edge remover
  0:00:02.195     2M / 23M   INFO   Simplification           (parallel_processing.hpp   : 170)   Low coverage edge remover triggered 0 times
  0:00:02.195     2M / 23M   INFO    General                 (simplification.cpp        : 373)   PROCEDURE == Simplification cycle, iteration 11
  0:00:02.195     2M / 23M   INFO   Simplification           (parallel_processing.hpp   : 167)   Running Tip clipper
  0:00:02.195     2M / 23M   INFO   Simplification           (parallel_processing.hpp   : 170)   Tip clipper triggered 0 times
  0:00:02.195     2M / 23M   INFO   Simplification           (parallel_processing.hpp   : 167)   Running Bulge remover
  0:00:02.196     2M / 23M   INFO   Simplification           (parallel_processing.hpp   : 170)   Bulge remover triggered 0 times
  0:00:02.196     2M / 23M   INFO   Simplification           (parallel_processing.hpp   : 167)   Running Low coverage edge remover
  0:00:02.196     2M / 23M   INFO   Simplification           (parallel_processing.hpp   : 170)   Low coverage edge remover triggered 0 times
  0:00:02.196     2M / 23M   INFO   StageManager             (stage.cpp                 : 185)   STAGE == Gap Closer (id: late_gapcloser)
  0:00:02.200    11M / 23M   INFO    General                 (edge_index.hpp            : 113)   Size of edge index entries: 12/8
  0:00:02.201    11M / 23M   INFO    General                 (gap_closer.cpp            : 101)   Total edges in tip neighborhood: 3144 out of 3144, length: 136386
  0:00:02.201    11M / 23M   INFO    General                 (edge_index.hpp            : 167)   Using small index (max_id = 10783)
  0:00:02.206    11M / 23M   INFO   K-mer Index Building     (kmer_index_builder.hpp    : 395)   Building perfect hash indices
  0:00:02.383    11M / 23M   INFO   K-mer Index Building     (kmer_index_builder.hpp    : 431)   Index built. Total 68193 kmers, 163156 bytes occupied (19.1405 bits per kmer).
  0:00:02.383    12M / 23M   INFO    General                 (edge_index_builders.hpp   : 265)   Collecting edge information from graph, this takes a while.
  0:00:02.411    12M / 23M   INFO    General                 (sequence_mapper_notifier.h:  95)   Total 3899 reads processed
  0:00:02.415    11M / 23M   INFO    General                 (gap_closer.cpp            : 452)   Initializing gap closer
  0:00:02.415    11M / 23M   INFO   GapCloser                (gap_closer.cpp            : 359)   Closing short gaps
  0:00:02.417    11M / 23M   INFO   GapCloser                (gap_closer.cpp            : 391)   Closing short gaps complete: filled 37 gaps after checking 111 candidates
  0:00:02.418    11M / 23M   INFO    General                 (gap_closer.cpp            : 456)   Gap closer done
  0:00:02.419     2M / 23M   INFO   StageManager             (stage.cpp                 : 185)   STAGE == Simplification Cleanup (id: simplification_cleanup)
  0:00:02.419     2M / 23M   INFO    General                 (simplification.cpp        : 176)   PROCEDURE == Post simplification
  0:00:02.419     2M / 23M   INFO    General                 (graph_simplification.hpp  : 448)   Disconnection of relatively low covered edges disabled
  0:00:02.419     2M / 23M   INFO    General                 (graph_simplification.hpp  : 485)   Complex tip clipping disabled
  0:00:02.419     2M / 23M   INFO    General                 (graph_simplification.hpp  : 634)   Creating parallel br instance
  0:00:02.419     2M / 23M   INFO   Simplification           (parallel_processing.hpp   : 167)   Running Tip clipper
  0:00:02.419     2M / 23M   INFO   Simplification           (parallel_processing.hpp   : 170)   Tip clipper triggered 0 times
  0:00:02.419     2M / 23M   INFO   Simplification           (parallel_processing.hpp   : 167)   Running Bulge remover
  0:00:02.419     2M / 23M   INFO   Simplification           (parallel_processing.hpp   : 170)   Bulge remover triggered 0 times
  0:00:02.419     2M / 23M   INFO   Simplification           (parallel_processing.hpp   : 167)   Running Tip clipper
  0:00:02.420     2M / 23M   INFO   Simplification           (parallel_processing.hpp   : 170)   Tip clipper triggered 0 times
  0:00:02.420     2M / 23M   INFO   Simplification           (parallel_processing.hpp   : 167)   Running Bulge remover
  0:00:02.420     2M / 23M   INFO   Simplification           (parallel_processing.hpp   : 170)   Bulge remover triggered 0 times
  0:00:02.420     2M / 23M   INFO    General                 (simplification.cpp        : 327)   Disrupting self-conjugate edges
  0:00:02.420     2M / 23M   INFO   Simplification           (parallel_processing.hpp   : 167)   Running Removing isolated edges
  0:00:02.422     2M / 23M   INFO   Simplification           (parallel_processing.hpp   : 170)   Removing isolated edges triggered 1450 times
  0:00:02.422     1M / 23M   INFO    General                 (simplification.cpp        : 495)   After simplification:
  0:00:02.422     1M / 23M   INFO    General                 (simplification.cpp        : 496)     Average coverage = 3.61076
  0:00:02.422     1M / 23M   INFO    General                 (simplification.cpp        : 497)     Total length = 24936
  0:00:02.422     1M / 23M   INFO    General                 (simplification.cpp        : 498)     Median edge length: 296
  0:00:02.422     1M / 23M   INFO    General                 (simplification.cpp        : 499)     Edges: 170
  0:00:02.422     1M / 23M   INFO    General                 (simplification.cpp        : 500)     Vertices: 340
  0:00:02.422     1M / 23M   WARN    General                 (simplification.cpp        : 504)   The determined erroneous connection coverage threshold may be determined improperly
  0:00:02.422     1M / 23M   INFO   StageManager             (stage.cpp                 : 185)   STAGE == Mismatch Correction (id: mismatch_correction)
  0:00:02.422     1M / 23M   INFO    General                 (graph_pack.cpp            :  67)   Index refill
  0:00:02.422     1M / 23M   INFO    General                 (edge_index.hpp            : 156)   Using small index (max_id = 10783)
  0:00:02.424     1M / 23M   INFO   K-mer Index Building     (kmer_index_builder.hpp    : 395)   Building perfect hash indices
  0:00:02.485     2M / 23M   INFO   K-mer Index Building     (kmer_index_builder.hpp    : 431)   Index built. Total 24936 kmers, 33796 bytes occupied (10.8425 bits per kmer).
  0:00:02.485     2M / 23M   INFO    General                 (edge_index_builders.hpp   : 252)   Collecting edge information from graph, this takes a while.
  0:00:02.488     2M / 23M   INFO    General                 (graph_pack.cpp            :  77)   Normalizing k-mer map. Total 0 kmers to process
  0:00:02.488     2M / 23M   INFO    General                 (graph_pack.cpp            :  79)   Normalizing done
  0:00:02.488     2M / 23M   INFO    General                 (mismatch_correction.cpp   : 400)   Collect potential mismatches
  0:00:02.488     2M / 23M   INFO    General                 (mismatch_correction.cpp   : 192)   Total 0 edges (out of 170) with 0 potential mismatch positions (-nan positions per edge)
  0:00:02.488     2M / 23M   INFO    General                 (mismatch_correction.cpp   : 402)   Potential mismatches collected
  0:00:02.534     2M / 23M   INFO    General                 (sequence_mapper_notifier.h:  95)   Total 15602 reads processed
  0:00:02.534     2M / 23M   INFO    General                 (mismatch_correction.cpp   : 395)   All edges processed
  0:00:02.534     2M / 23M   INFO    General                 (mismatch_correction.cpp   : 450)   Corrected 0 nucleotides
  0:00:02.534     2M / 23M   INFO   StageManager             (stage.cpp                 : 185)   STAGE == Contig Output (id: contig_output)
  0:00:02.534     2M / 23M   INFO    General                 (contig_output.hpp         :  16)   Outputting contigs to /home/pfay/Pipeline_Project/results/SRR5660045_assembly/K127/before_rr.fasta
  0:00:02.535     2M / 23M   INFO    General                 (contig_output_stage.cpp   : 151)   Writing GFA graph to /home/pfay/Pipeline_Project/results/SRR5660045_assembly/K127/assembly_graph_after_simplification.gfa
  0:00:02.536     2M / 23M   INFO   StageManager             (stage.cpp                 : 185)   STAGE == Paired Information Counting (id: late_pair_info_count)
  0:00:02.536     2M / 23M   INFO    General                 (graph_pack.cpp            :  77)   Normalizing k-mer map. Total 0 kmers to process
  0:00:02.536     2M / 23M   INFO    General                 (graph_pack.cpp            :  79)   Normalizing done
  0:00:02.536     2M / 23M   INFO    General                 (pair_info_count.cpp       : 339)   Min edge length for estimation: 296
  0:00:02.536     2M / 23M   INFO    General                 (pair_info_count.cpp       : 350)   Estimating insert size for library #0
  0:00:02.536     2M / 23M   INFO    General                 (pair_info_count.cpp       : 202)   Estimating insert size (takes a while)
  0:00:02.555    34M / 46M   INFO    General                 (pair_info_count.cpp       :  48)   Selecting usual mapper
  0:00:02.609    34M / 46M   INFO    General                 (sequence_mapper_notifier.h:  95)   Total 3899 reads processed
  0:00:02.723    34M / 46M   INFO    General                 (pair_info_count.cpp       : 220)   Edge pairs: 127
  0:00:02.723    34M / 46M   INFO    General                 (pair_info_count.cpp       : 222)   1375 paired reads (35.2655% of all) aligned to long edges
  0:00:02.723     2M / 46M   INFO    General                 (pair_info_count.cpp       : 369)     Insert size = 218.753, deviation = 55.1694, left quantile = 153, right quantile = 294, read length = 151
  0:00:02.723     2M / 46M   INFO    General                 (pair_info_count.cpp       : 390)   Filtering data for library #0
  0:00:02.723     2M / 46M   INFO    General                 (pair_info_count.cpp       :  48)   Selecting usual mapper
  0:00:02.746     2M / 46M   INFO    General                 (sequence_mapper_notifier.h:  95)   Total 3899 reads processed
  0:00:02.747     2M / 46M   INFO    General                 (pair_info_count.cpp       : 402)   Mapping library #0
  0:00:02.747     2M / 46M   INFO    General                 (pair_info_count.cpp       : 404)   Mapping paired reads (takes a while)
  0:00:02.747     2M / 46M   INFO    General                 (pair_info_count.cpp       : 299)   Left insert size quantile 153, right insert size quantile 294, filtering threshold 2, rounding threshold 0
  0:00:02.749    11M / 46M   INFO    General                 (pair_info_count.cpp       :  48)   Selecting usual mapper
  0:00:02.775    11M / 46M   INFO    General                 (sequence_mapper_notifier.h:  95)   Total 3899 reads processed
  0:00:02.779     2M / 46M   INFO   StageManager             (stage.cpp                 : 185)   STAGE == Distance Estimation (id: distance_estimation)
  0:00:02.779     2M / 46M   INFO    General                 (distance_estimation.cpp   : 179)   Processing library #0
  0:00:02.779     2M / 46M   INFO    General                 (distance_estimation.cpp   : 150)   Weight Filter Done
  0:00:02.779     2M / 47M   INFO   DistanceEstimator        (distance_estimation.hpp   : 116)   Using SIMPLE distance estimator
  0:00:02.779     2M / 47M   INFO    General                 (distance_estimation.cpp   :  37)   Filtering info
  0:00:02.779     2M / 47M   INFO    General                 (pair_info_filters.hpp     : 242)   Start filtering; library index size: 170
  0:00:02.779     2M / 47M   INFO    General                 (pair_info_filters.hpp     : 263)   Done filtering; library index size: 150
  0:00:02.779     2M / 47M   INFO    General                 (distance_estimation.cpp   : 156)   Refining clustered pair information
  0:00:02.779     2M / 47M   INFO    General                 (distance_estimation.cpp   : 158)   The refining of clustered pair information has been finished
  0:00:02.779     2M / 47M   INFO    General                 (distance_estimation.cpp   : 160)   Improving paired information
  0:00:02.779     2M / 47M   INFO   PairInfoImprover         (pair_info_improver.hpp    : 104)   Paired info stats: missing = 0; contradictional = 0
  0:00:02.780     2M / 47M   INFO   PairInfoImprover         (pair_info_improver.hpp    : 104)   Paired info stats: missing = 0; contradictional = 0
  0:00:02.780     2M / 47M   INFO    General                 (distance_estimation.cpp   : 104)   Filling scaffolding index
  0:00:02.780     2M / 47M   INFO   DistanceEstimator        (distance_estimation.hpp   : 116)   Using SMOOTHING distance estimator
  0:00:02.781     2M / 47M   INFO    General                 (distance_estimation.cpp   :  37)   Filtering info
  0:00:02.781     2M / 47M   INFO    General                 (pair_info_filters.hpp     : 242)   Start filtering; library index size: 182
  0:00:02.781     2M / 47M   INFO    General                 (pair_info_filters.hpp     : 263)   Done filtering; library index size: 182
  0:00:02.781     2M / 47M   INFO    General                 (distance_estimation.cpp   : 186)   Clearing raw paired index
  0:00:02.781     2M / 47M   INFO   StageManager             (stage.cpp                 : 185)   STAGE == Repeat Resolving (id: repeat_resolving)
  0:00:02.781     2M / 47M   INFO    General                 (repeat_resolving.cpp      :  87)   Using Path-Extend repeat resolving
  0:00:02.781     2M / 47M   INFO    General                 (launcher.cpp              : 600)   ExSPAnder repeat resolving tool started
  0:00:02.781     2M / 47M   INFO    General                 (coverage_uniformity_analyz:  25)   genomic coverage is 4.80348 calculated of length 12735
  0:00:02.781     2M / 47M   INFO    General                 (launcher.cpp              : 418)   Creating main extenders, unique edge length = 2000
  0:00:02.781     2M / 47M   INFO    General                 (extenders_logic.cpp       : 334)   Estimated coverage of library #0 is 3.61076
  0:00:02.781     2M / 47M   INFO    General                 (extenders_logic.cpp       : 345)   Creating extender; library index size: 150
  0:00:02.781     2M / 47M   INFO    General                 (extenders_logic.cpp       : 334)   Estimated coverage of library #0 is 3.61076
  0:00:02.781     2M / 47M   INFO    General                 (extenders_logic.cpp       : 345)   Creating extender; library index size: 150
  0:00:02.781     2M / 47M   INFO    General                 (extenders_logic.cpp       : 543)   Using 1 paired-end library
  0:00:02.781     2M / 47M   INFO    General                 (extenders_logic.cpp       : 544)   Using 1 paired-end scaffolding library
  0:00:02.781     2M / 47M   INFO    General                 (extenders_logic.cpp       : 545)   Using 0 single read libraries
  0:00:02.781     2M / 47M   INFO    General                 (launcher.cpp              : 447)   Total number of extenders is 3
  0:00:02.781     2M / 47M   INFO    General                 (path_extenders.cpp        :  36)   Processed 0 paths from 85 (0%)
  0:00:02.782     2M / 47M   INFO    General                 (path_extenders.cpp        :  36)   Processed 9 paths from 85 (10%)
  0:00:02.782     2M / 47M   INFO    General                 (path_extenders.cpp        :  36)   Processed 18 paths from 85 (21%)
  0:00:02.782     2M / 47M   INFO    General                 (path_extenders.cpp        :  36)   Processed 27 paths from 85 (31%)
  0:00:02.782     2M / 47M   INFO    General                 (path_extenders.cpp        :  36)   Processed 36 paths from 85 (42%)
  0:00:02.783     2M / 47M   INFO    General                 (path_extenders.cpp        :  36)   Processed 45 paths from 85 (52%)
  0:00:02.783     2M / 47M   INFO    General                 (path_extenders.cpp        :  36)   Processed 54 paths from 85 (63%)
  0:00:02.783     2M / 47M   INFO    General                 (path_extenders.cpp        :  36)   Processed 63 paths from 85 (74%)
  0:00:02.783     2M / 47M   INFO    General                 (path_extenders.cpp        :  36)   Processed 72 paths from 85 (84%)
  0:00:02.783     3M / 47M   INFO    General                 (path_extenders.cpp        :  36)   Processed 81 paths from 85 (95%)
  0:00:02.783     3M / 47M   INFO    General                 (launcher.cpp              : 250)   Finalizing paths
  0:00:02.783     3M / 47M   INFO    General                 (launcher.cpp              : 252)   Deduplicating paths
  0:00:02.783     3M / 47M   INFO    General                 (launcher.cpp              : 256)   Paths deduplicated
  0:00:02.783     3M / 47M   INFO   PEResolver               (pe_resolver.cpp           :  60)   Removing overlaps
  0:00:02.783     3M / 47M   INFO   PEResolver               (pe_resolver.cpp           :  63)   Sorting paths
  0:00:02.783     3M / 47M   INFO   PEResolver               (pe_resolver.cpp           :  70)   Marking overlaps
  0:00:02.783     3M / 47M   INFO   OverlapRemover           (overlap_remover.hpp       : 116)   Marking start/end overlaps
  0:00:02.783     3M / 47M   INFO   OverlapRemover           (overlap_remover.hpp       : 119)   Marking remaining overlaps
  0:00:02.784     3M / 47M   INFO   PEResolver               (pe_resolver.cpp           :  73)   Splitting paths
  0:00:02.784     3M / 47M   INFO   PEResolver               (pe_resolver.cpp           :  78)   Deduplicating paths
  0:00:02.784     3M / 47M   INFO   PEResolver               (pe_resolver.cpp           :  80)   Overlaps removed
  0:00:02.784     3M / 47M   INFO    General                 (launcher.cpp              : 273)   Paths finalized
  0:00:02.784     3M / 47M   INFO    General                 (launcher.cpp              : 454)   Closing gaps in paths
  0:00:02.784     3M / 48M   INFO    General                 (launcher.cpp              : 484)   Gap closing completed
  0:00:02.784     3M / 48M   INFO    General                 (launcher.cpp              : 302)   Traversing tandem repeats
  0:00:02.785     3M / 48M   INFO    General                 (launcher.cpp              : 312)   Traversed 0 loops
  0:00:02.785     3M / 48M   INFO    General                 (launcher.cpp              : 250)   Finalizing paths
  0:00:02.785     3M / 48M   INFO    General                 (launcher.cpp              : 252)   Deduplicating paths
  0:00:02.785     3M / 48M   INFO    General                 (launcher.cpp              : 256)   Paths deduplicated
  0:00:02.785     3M / 48M   INFO   PEResolver               (pe_resolver.cpp           :  60)   Removing overlaps
  0:00:02.785     3M / 48M   INFO   PEResolver               (pe_resolver.cpp           :  63)   Sorting paths
  0:00:02.785     3M / 48M   INFO   PEResolver               (pe_resolver.cpp           :  70)   Marking overlaps
  0:00:02.785     3M / 48M   INFO   OverlapRemover           (overlap_remover.hpp       : 116)   Marking start/end overlaps
  0:00:02.785     3M / 48M   INFO   OverlapRemover           (overlap_remover.hpp       : 119)   Marking remaining overlaps
  0:00:02.785     3M / 48M   INFO   PEResolver               (pe_resolver.cpp           :  73)   Splitting paths
  0:00:02.785     3M / 48M   INFO   PEResolver               (pe_resolver.cpp           :  78)   Deduplicating paths
  0:00:02.785     3M / 48M   INFO   PEResolver               (pe_resolver.cpp           :  80)   Overlaps removed
  0:00:02.785     3M / 48M   INFO    General                 (launcher.cpp              : 273)   Paths finalized
  0:00:02.785     3M / 48M   INFO    General                 (launcher.cpp              : 664)   ExSPAnder repeat resolving tool finished
  0:00:02.785     2M / 48M   INFO   StageManager             (stage.cpp                 : 185)   STAGE == Contig Output (id: contig_output)
  0:00:02.785     2M / 48M   INFO    General                 (contig_output.hpp         :  16)   Outputting contigs to /home/pfay/Pipeline_Project/results/SRR5660045_assembly/K127/before_rr.fasta
  0:00:02.786     2M / 48M   INFO    General                 (contig_output_stage.cpp   : 151)   Writing GFA graph to /home/pfay/Pipeline_Project/results/SRR5660045_assembly/K127/assembly_graph_with_scaffolds.gfa
  0:00:02.787     2M / 48M   INFO    General                 (contig_output_stage.cpp   : 165)   Outputting FastG graph to /home/pfay/Pipeline_Project/results/SRR5660045_assembly/K127/assembly_graph.fastg
  0:00:02.788     2M / 48M   INFO    General                 (contig_output_stage.cpp   : 196)   Breaking scaffolds
  0:00:02.788     3M / 48M   INFO    General                 (contig_output_stage.cpp   :  98)   Outputting contigs to /home/pfay/Pipeline_Project/results/SRR5660045_assembly/K127/final_contigs.fasta
  0:00:02.789     3M / 48M   INFO    General                 (contig_output_stage.cpp   : 104)   Outputting FastG paths to /home/pfay/Pipeline_Project/results/SRR5660045_assembly/K127/final_contigs.paths
  0:00:02.789     2M / 48M   INFO    General                 (contig_output_stage.cpp   :  98)   Outputting contigs to /home/pfay/Pipeline_Project/results/SRR5660045_assembly/K127/scaffolds.fasta
  0:00:02.789     2M / 48M   INFO    General                 (contig_output_stage.cpp   : 104)   Outputting FastG paths to /home/pfay/Pipeline_Project/results/SRR5660045_assembly/K127/scaffolds.paths
  0:00:02.790     2M / 48M   INFO    General                 (contig_output_stage.cpp   : 111)   Populating GFA with scaffold paths
  0:00:02.790     2M / 48M   INFO    General                 (pipeline.cpp              : 287)   SPAdes finished
  0:00:02.790     1M / 48M   INFO    General                 (main.cpp                  : 136)   Assembling time: 0 hours 0 minutes 2 seconds

===== K127 finished. 


===== Copy files started. 


== Running: /usr/bin/python3 /usr/share/spades/spades_pipeline/scripts/copy_files.py /home/pfay/Pipeline_Project/results/SRR5660045_assembly/K127/before_rr.fasta /home/pfay/Pipeline_Project/results/SRR5660045_assembly/before_rr.fasta /home/pfay/Pipeline_Project/results/SRR5660045_assembly/K127/assembly_graph_after_simplification.gfa /home/pfay/Pipeline_Project/results/SRR5660045_assembly/assembly_graph_after_simplification.gfa /home/pfay/Pipeline_Project/results/SRR5660045_assembly/K127/final_contigs.fasta /home/pfay/Pipeline_Project/results/SRR5660045_assembly/contigs.fasta /home/pfay/Pipeline_Project/results/SRR5660045_assembly/K127/first_pe_contigs.fasta /home/pfay/Pipeline_Project/results/SRR5660045_assembly/first_pe_contigs.fasta /home/pfay/Pipeline_Project/results/SRR5660045_assembly/K127/strain_graph.gfa /home/pfay/Pipeline_Project/results/SRR5660045_assembly/strain_graph.gfa /home/pfay/Pipeline_Project/results/SRR5660045_assembly/K127/scaffolds.fasta /home/pfay/Pipeline_Project/results/SRR5660045_assembly/scaffolds.fasta /home/pfay/Pipeline_Project/results/SRR5660045_assembly/K127/scaffolds.paths /home/pfay/Pipeline_Project/results/SRR5660045_assembly/scaffolds.paths /home/pfay/Pipeline_Project/results/SRR5660045_assembly/K127/assembly_graph_with_scaffolds.gfa /home/pfay/Pipeline_Project/results/SRR5660045_assembly/assembly_graph_with_scaffolds.gfa /home/pfay/Pipeline_Project/results/SRR5660045_assembly/K127/assembly_graph.fastg /home/pfay/Pipeline_Project/results/SRR5660045_assembly/assembly_graph.fastg /home/pfay/Pipeline_Project/results/SRR5660045_assembly/K127/final_contigs.paths /home/pfay/Pipeline_Project/results/SRR5660045_assembly/contigs.paths


===== Copy files finished. 


===== Assembling finished. 


===== Breaking scaffolds started. 


== Running: /usr/bin/python3 /usr/share/spades/spades_pipeline/scripts/breaking_scaffolds_script.py --result_scaffolds_filename /home/pfay/Pipeline_Project/results/SRR5660045_assembly/scaffolds.fasta --misc_dir /home/pfay/Pipeline_Project/results/SRR5660045_assembly/misc --threshold_for_breaking_scaffolds 3


===== Breaking scaffolds finished. 


===== Terminate started. 


===== Terminate finished. 

 * Corrected reads are in /home/pfay/Pipeline_Project/results/SRR5660045_assembly/corrected/
 * Assembled contigs are in /home/pfay/Pipeline_Project/results/SRR5660045_assembly/contigs.fasta
 * Assembled scaffolds are in /home/pfay/Pipeline_Project/results/SRR5660045_assembly/scaffolds.fasta
 * Paths in the assembly graph corresponding to the contigs are in /home/pfay/Pipeline_Project/results/SRR5660045_assembly/contigs.paths
 * Paths in the assembly graph corresponding to the scaffolds are in /home/pfay/Pipeline_Project/results/SRR5660045_assembly/scaffolds.paths
 * Assembly graph is in /home/pfay/Pipeline_Project/results/SRR5660045_assembly/assembly_graph.fastg
 * Assembly graph in GFA format is in /home/pfay/Pipeline_Project/results/SRR5660045_assembly/assembly_graph_with_scaffolds.gfa

======= SPAdes pipeline finished WITH WARNINGS!

=== Error correction and assembling warnings:
 * 0:00:02.101     1M / 18M   WARN    General                 (kmer_coverage_model.cpp   : 327)   Valley value was estimated improperly, reset to 3
 * 0:00:02.422     1M / 23M   WARN    General                 (simplification.cpp        : 504)   The determined erroneous connection coverage threshold may be determined improperly
======= Warnings saved to /home/pfay/Pipeline_Project/results/SRR5660045_assembly/warnings.log

SPAdes log can be found here: /home/pfay/Pipeline_Project/results/SRR5660045_assembly/spades.log

Thank you for using SPAdes!
