Command line: /usr/libexec/spades/spades.py	-k	127	-1	/home/pfay/Pipeline_Project/results/SRR5660044_mapped.1.fastq	-2	/home/pfay/Pipeline_Project/results/SRR5660044_mapped.2.fastq	-o	/home/pfay/Pipeline_Project/results/SRR5660044_assembly	

System information:
  SPAdes version: 3.15.5
  Python version: 3.12.3
  OS: Linux-6.8.0-90-generic-x86_64-with-glibc2.39

Output dir: /home/pfay/Pipeline_Project/results/SRR5660044_assembly
Mode: read error correction and assembling
Debug mode is turned OFF

Dataset parameters:
  Standard mode
  For multi-cell/isolate data we recommend to use '--isolate' option; for single-cell MDA data use '--sc'; for metagenomic data use '--meta'; for RNA-Seq use '--rna'.
  Reads:
    Library number: 1, library type: paired-end
      orientation: fr
      left reads: ['/home/pfay/Pipeline_Project/results/SRR5660044_mapped.1.fastq']
      right reads: ['/home/pfay/Pipeline_Project/results/SRR5660044_mapped.2.fastq']
      interlaced reads: not specified
      single reads: not specified
      merged reads: not specified
Read error correction parameters:
  Iterations: 1
  PHRED offset will be auto-detected
  Corrected reads will be compressed
Assembly parameters:
  k: [127]
  Repeat resolution is enabled
  Mismatch careful mode is turned OFF
  MismatchCorrector will be SKIPPED
  Coverage cutoff is turned OFF
Other parameters:
  Dir for temp files: /home/pfay/Pipeline_Project/results/SRR5660044_assembly/tmp
  Threads: 16
  Memory limit (in Gb): 250


======= SPAdes pipeline started. Log can be found here: /home/pfay/Pipeline_Project/results/SRR5660044_assembly/spades.log

/home/pfay/Pipeline_Project/results/SRR5660044_mapped.1.fastq: max reads length: 151
/home/pfay/Pipeline_Project/results/SRR5660044_mapped.2.fastq: max reads length: 151

Reads length: 151


===== Before start started. 


===== Read error correction started. 


===== Read error correction started. 


== Running: /usr/libexec/spades/spades-hammer /home/pfay/Pipeline_Project/results/SRR5660044_assembly/corrected/configs/config.info

  0:00:00.000     1M / 18M   INFO    General                 (main.cpp                  :  75)   Starting BayesHammer, built from N/A, git revision N/A
  0:00:00.000     1M / 18M   INFO    General                 (main.cpp                  :  76)   Loading config from /home/pfay/Pipeline_Project/results/SRR5660044_assembly/corrected/configs/config.info
  0:00:00.000     1M / 18M   INFO    General                 (main.cpp                  :  78)   Maximum # of threads to use (adjusted due to OMP capabilities): 1
  0:00:00.000     1M / 18M   INFO    General                 (memory_limit.cpp          :  54)   Memory limit set to 250 Gb
  0:00:00.000     1M / 18M   INFO    General                 (main.cpp                  :  86)   Trying to determine PHRED offset
  0:00:00.000     1M / 18M   INFO    General                 (main.cpp                  :  92)   Determined value is 33
  0:00:00.000     1M / 18M   INFO    General                 (hammer_tools.cpp          :  38)   Hamming graph threshold tau=1, k=21, subkmer positions = [ 0 10 ]
  0:00:00.000     1M / 18M   INFO    General                 (main.cpp                  : 113)   Size of aux. kmer data 24 bytes
     === ITERATION 0 begins ===
  0:00:00.000     1M / 18M   INFO    General                 (kmer_index_builder.hpp    : 243)   Splitting kmer instances into 16 files using 1 threads. This might take a while.
  0:00:00.000     1M / 18M   INFO    General                 (file_limit.hpp            :  42)   Open file limit set to 1048576
  0:00:00.001     1M / 18M   INFO    General                 (kmer_splitter.hpp         :  93)   Memory available for splitting buffers: 83.3333 Gb
  0:00:00.001     1M / 18M   INFO    General                 (kmer_splitter.hpp         : 101)   Using cell size of 4194304
  0:00:00.001   577M / 577M  INFO   K-mer Splitting          (kmer_data.cpp             :  97)   Processing /home/pfay/Pipeline_Project/results/SRR5660044_mapped.1.fastq
  0:00:00.284   577M / 577M  INFO   K-mer Splitting          (kmer_data.cpp             :  97)   Processing /home/pfay/Pipeline_Project/results/SRR5660044_mapped.2.fastq
  0:00:00.563   577M / 577M  INFO   K-mer Splitting          (kmer_data.cpp             : 112)   Total 10952 reads processed
  0:00:00.563     1M / 18M   INFO    General                 (kmer_index_builder.hpp    : 249)   Starting k-mer counting.
  0:00:00.583     1M / 18M   INFO    General                 (kmer_index_builder.hpp    : 260)   K-mer counting done. There are 534516 kmers in total.
  0:00:00.584     1M / 18M   INFO   K-mer Index Building     (kmer_index_builder.hpp    : 395)   Building perfect hash indices
  0:00:00.651     1M / 18M   INFO   K-mer Index Building     (kmer_index_builder.hpp    : 431)   Index built. Total 534516 kmers, 398072 bytes occupied (5.95787 bits per kmer).
  0:00:00.651     1M / 18M   INFO   K-mer Counting           (kmer_data.cpp             : 354)   Arranging kmers in hash map order
  0:00:00.688    10M / 19M   INFO    General                 (main.cpp                  : 148)   Clustering Hamming graph.
  0:00:02.502    10M / 19M   INFO    General                 (main.cpp                  : 155)   Extracting clusters:
  0:00:02.502    10M / 19M   INFO    General                 (concurrent_dsu.cpp        :  18)   Connecting to root
  0:00:02.508    10M / 19M   INFO    General                 (concurrent_dsu.cpp        :  34)   Calculating counts
  0:00:02.553    19M / 27M   INFO    General                 (concurrent_dsu.cpp        :  63)   Writing down entries
  0:00:02.615    10M / 33M   INFO    General                 (main.cpp                  : 167)   Clustering done. Total clusters: 327243
  0:00:02.615     5M / 33M   INFO   K-mer Counting           (kmer_data.cpp             : 371)   Collecting K-mer information, this takes a while.
  0:00:02.619    18M / 35M   INFO   K-mer Counting           (kmer_data.cpp             : 377)   Processing /home/pfay/Pipeline_Project/results/SRR5660044_mapped.1.fastq
  0:00:03.206    18M / 35M   INFO   K-mer Counting           (kmer_data.cpp             : 377)   Processing /home/pfay/Pipeline_Project/results/SRR5660044_mapped.2.fastq
  0:00:03.801    18M / 35M   INFO   K-mer Counting           (kmer_data.cpp             : 384)   Collection done, postprocessing.
  0:00:03.802    18M / 35M   INFO   K-mer Counting           (kmer_data.cpp             : 397)   There are 534516 kmers in total. Among them 237302 (44.3957%) are singletons.
  0:00:03.802    18M / 35M   INFO    General                 (main.cpp                  : 173)   Subclustering Hamming graph
  0:00:04.275    18M / 37M   INFO   Hamming Subclustering    (kmer_cluster.cpp          : 650)   Subclustering done. Total 0 non-read kmers were generated.
  0:00:04.275    18M / 37M   INFO   Hamming Subclustering    (kmer_cluster.cpp          : 651)   Subclustering statistics:
  0:00:04.275    18M / 37M   INFO   Hamming Subclustering    (kmer_cluster.cpp          : 652)     Total singleton hamming clusters: 222648. Among them 172892 (77.6526%) are good
  0:00:04.275    18M / 37M   INFO   Hamming Subclustering    (kmer_cluster.cpp          : 653)     Total singleton subclusters: 11. Among them 9 (81.8182%) are good
  0:00:04.275    18M / 37M   INFO   Hamming Subclustering    (kmer_cluster.cpp          : 654)     Total non-singleton subcluster centers: 104612. Among them 84086 (80.3789%) are good
  0:00:04.275    18M / 37M   INFO   Hamming Subclustering    (kmer_cluster.cpp          : 655)     Average size of non-trivial subcluster: 2.98119 kmers
  0:00:04.275    18M / 37M   INFO   Hamming Subclustering    (kmer_cluster.cpp          : 656)     Average number of sub-clusters per non-singleton cluster: 1.00027
  0:00:04.275    18M / 37M   INFO   Hamming Subclustering    (kmer_cluster.cpp          : 657)     Total solid k-mers: 256987
  0:00:04.275    18M / 37M   INFO   Hamming Subclustering    (kmer_cluster.cpp          : 658)     Substitution probabilities: [4,4]((0.924458,0.013022,0.0398828,0.0226368),(0.0071233,0.967539,0.00526752,0.0200704),(0.018421,0.0049502,0.968876,0.00775239),(0.02139,0.0378367,0.0121579,0.928615))
  0:00:04.276    18M / 37M   INFO    General                 (main.cpp                  : 178)   Finished clustering.
  0:00:04.276    18M / 37M   INFO    General                 (main.cpp                  : 197)   Starting solid k-mers expansion in 1 threads.
  0:00:04.509    18M / 37M   INFO    General                 (main.cpp                  : 218)   Solid k-mers iteration 0 produced 6107 new k-mers.
  0:00:04.745    18M / 37M   INFO    General                 (main.cpp                  : 218)   Solid k-mers iteration 1 produced 89 new k-mers.
  0:00:04.979    18M / 37M   INFO    General                 (main.cpp                  : 218)   Solid k-mers iteration 2 produced 0 new k-mers.
  0:00:04.979    18M / 37M   INFO    General                 (main.cpp                  : 222)   Solid k-mers finalized
  0:00:04.979    18M / 37M   INFO    General                 (hammer_tools.cpp          : 222)   Starting read correction in 1 threads.
  0:00:04.979    18M / 37M   INFO    General                 (hammer_tools.cpp          : 235)   Correcting pair of reads: /home/pfay/Pipeline_Project/results/SRR5660044_mapped.1.fastq and /home/pfay/Pipeline_Project/results/SRR5660044_mapped.2.fastq
  0:00:05.016    44M / 55M   INFO    General                 (hammer_tools.cpp          : 170)   Prepared batch 0 of 5476 reads.
  0:00:05.502    44M / 55M   INFO    General                 (hammer_tools.cpp          : 177)   Processed batch 0
  0:00:05.515    44M / 55M   INFO    General                 (hammer_tools.cpp          : 187)   Written batch 0
  0:00:05.520    18M / 55M   INFO    General                 (hammer_tools.cpp          : 276)   Correction done. Changed 8776 bases in 4947 reads.
  0:00:05.520    18M / 55M   INFO    General                 (hammer_tools.cpp          : 277)   Failed to correct 0 bases out of 1616418.
  0:00:05.520     1M / 55M   INFO    General                 (main.cpp                  : 255)   Saving corrected dataset description to /home/pfay/Pipeline_Project/results/SRR5660044_assembly/corrected/corrected.yaml
  0:00:05.520     1M / 55M   INFO    General                 (main.cpp                  : 262)   All done. Exiting.

===== Read error correction finished. 


===== corrected reads compression started. 


== Running: /usr/bin/python3 /usr/share/spades/spades_pipeline/scripts/compress_all.py --input_file /home/pfay/Pipeline_Project/results/SRR5660044_assembly/corrected/corrected.yaml --ext_python_modules_home /usr/share/spades --max_threads 16 --output_dir /home/pfay/Pipeline_Project/results/SRR5660044_assembly/corrected --gzip_output

== Compressing corrected reads (with gzip)
== Files to compress: ['/home/pfay/Pipeline_Project/results/SRR5660044_assembly/corrected/SRR5660044_mapped.1.00.0_0.cor.fastq', '/home/pfay/Pipeline_Project/results/SRR5660044_assembly/corrected/SRR5660044_mapped.2.00.0_0.cor.fastq', '/home/pfay/Pipeline_Project/results/SRR5660044_assembly/corrected/SRR5660044_mapped._unpaired.00.0_0.cor.fastq']
== Files compression is finished
== Dataset yaml file is updated

===== corrected reads compression finished. 


===== Read error correction finished. 


===== Assembling started. 


===== K127 started. 


== Running: /usr/libexec/spades/spades-core /home/pfay/Pipeline_Project/results/SRR5660044_assembly/K127/configs/config.info

  0:00:00.000     1M / 18M   INFO    General                 (main.cpp                  :  99)   Loaded config from /home/pfay/Pipeline_Project/results/SRR5660044_assembly/K127/configs/config.info
  0:00:00.000     1M / 18M   INFO    General                 (memory_limit.cpp          :  54)   Memory limit set to 250 Gb
  0:00:00.000     1M / 18M   INFO    General                 (main.cpp                  : 107)   Starting SPAdes, built from N/A, git revision N/A
  0:00:00.000     1M / 18M   INFO    General                 (main.cpp                  : 108)   Maximum k-mer length: 128
  0:00:00.000     1M / 18M   INFO    General                 (main.cpp                  : 109)   Assembling dataset (/home/pfay/Pipeline_Project/results/SRR5660044_assembly/dataset.info) with K=127
  0:00:00.000     1M / 18M   INFO    General                 (main.cpp                  : 110)   Maximum # of threads to use (adjusted due to OMP capabilities): 1
  0:00:00.000     1M / 18M   INFO    General                 (pipeline.cpp              : 212)   SPAdes started
  0:00:00.000     1M / 18M   INFO    General                 (pipeline.cpp              : 225)   Starting from stage: read_conversion
  0:00:00.000     1M / 18M   INFO    General                 (pipeline.cpp              : 231)   Two-step repeat resolution disabled
  0:00:00.000     1M / 18M   INFO   GraphCore                (graph_core.hpp            : 672)   Graph created, vertex min_id: 3, edge min_id: 3
  0:00:00.000     1M / 18M   INFO   GraphCore                (graph_core.hpp            : 673)   Vertex size: 48, edge size: 40
  0:00:00.000     1M / 18M   INFO    General                 (edge_index.hpp            : 113)   Size of edge index entries: 12/8
  0:00:00.000     1M / 18M   INFO    General                 (pipeline.cpp              : 242)   Will need read mapping, kmer mapper will be attached
  0:00:00.000     1M / 18M   INFO   StageManager             (stage.cpp                 : 185)   STAGE == Binary Read Conversion (id: read_conversion)
  0:00:00.000     1M / 18M   INFO    General                 (read_converter.cpp        :  72)   Converting reads to binary format for library #0 (takes a while)
  0:00:00.000     1M / 18M   INFO    General                 (read_converter.cpp        :  73)   Converting paired reads
  0:00:00.059    23M / 23M   INFO    General                 (binary_converter.cpp      : 111)   5469 reads written
  0:00:00.059     1M / 18M   INFO    General                 (read_converter.cpp        :  86)   Converting single reads
  0:00:00.059    11M / 18M   INFO    General                 (binary_converter.cpp      : 111)   7 reads written
  0:00:00.059     1M / 18M   INFO    General                 (read_converter.cpp        :  92)   Converting merged reads
  0:00:00.059    11M / 18M   INFO    General                 (binary_converter.cpp      : 111)   0 reads written
  0:00:00.060     1M / 18M   INFO   StageManager             (stage.cpp                 : 185)   STAGE == de Bruijn graph construction (id: construction)
  0:00:00.060     1M / 18M   INFO    General                 (construction.cpp          : 153)   Max read length 151
  0:00:00.060     1M / 18M   INFO    General                 (construction.cpp          : 159)   Average read length 147.589
  0:00:00.060     1M / 18M   INFO    General                 (stage.cpp                 : 117)   PROCEDURE == k+1-mer counting (id: construction:kpomer_counting)
  0:00:00.060     1M / 18M   INFO    General                 (kmer_index_builder.hpp    : 243)   Splitting kmer instances into 10 files using 1 threads. This might take a while.
  0:00:00.060     1M / 18M   INFO    General                 (file_limit.hpp            :  42)   Open file limit set to 1048576
  0:00:00.060     1M / 18M   INFO    General                 (kmer_splitter.hpp         :  93)   Memory available for splitting buffers: 83.3333 Gb
  0:00:00.060     1M / 18M   INFO    General                 (kmer_splitter.hpp         : 101)   Using cell size of 1677721
  0:00:00.132     1M / 18M   INFO    General                 (kmer_splitters.hpp        : 131)   Used 21890 reads
  0:00:00.133     1M / 18M   INFO    General                 (kmer_index_builder.hpp    : 249)   Starting k-mer counting.
  0:00:00.138     1M / 18M   INFO    General                 (kmer_index_builder.hpp    : 260)   K-mer counting done. There are 88783 kmers in total.
  0:00:00.138     1M / 18M   INFO    General                 (stage.cpp                 : 117)   PROCEDURE == Extension index construction (id: construction:extension_index_construction)
  0:00:00.138     1M / 18M   INFO   K-mer Index Building     (kmer_index_builder.hpp    : 438)   Building kmer index
  0:00:00.138     1M / 18M   INFO    General                 (kmer_index_builder.hpp    : 243)   Splitting kmer instances into 10 files using 1 threads. This might take a while.
  0:00:00.138     1M / 18M   INFO    General                 (file_limit.hpp            :  42)   Open file limit set to 1048576
  0:00:00.138     1M / 18M   INFO    General                 (kmer_splitter.hpp         :  93)   Memory available for splitting buffers: 83.3333 Gb
  0:00:00.138     1M / 18M   INFO    General                 (kmer_splitter.hpp         : 101)   Using cell size of 1677721
  0:00:00.190   601M / 601M  INFO    General                 (kmer_splitters.hpp        : 194)   Processed 88783 kmers
  0:00:00.190   601M / 601M  INFO    General                 (kmer_splitters.hpp        : 199)   Used 88783 kmers.
  0:00:00.190     1M / 19M   INFO    General                 (kmer_index_builder.hpp    : 249)   Starting k-mer counting.
  0:00:00.196     1M / 19M   INFO    General                 (kmer_index_builder.hpp    : 260)   K-mer counting done. There are 91031 kmers in total.
  0:00:00.196     1M / 19M   INFO   K-mer Index Building     (kmer_index_builder.hpp    : 395)   Building perfect hash indices
  0:00:00.210     1M / 19M   INFO   K-mer Index Building     (kmer_index_builder.hpp    : 431)   Index built. Total 91031 kmers, 73360 bytes occupied (6.44703 bits per kmer).
  0:00:00.210     1M / 19M   INFO    General                 (kmer_index_builder.hpp    : 169)   Merging final buckets.
  0:00:00.215     1M / 19M   INFO   DeBruijnExtensionIndexBu (kmer_extension_index_build: 100)   Building k-mer extensions from k+1-mers
  0:00:00.240     1M / 19M   INFO   DeBruijnExtensionIndexBu (kmer_extension_index_build: 105)   Building k-mer extensions from k+1-mers finished.
  0:00:00.240     1M / 19M   INFO    General                 (stage.cpp                 : 117)   PROCEDURE == Condensing graph (id: construction:graph_condensing)
  0:00:00.240     1M / 19M   INFO   UnbranchingPathExtractor (debruijn_graph_constructor: 354)   Extracting unbranching paths
  0:00:00.283     1M / 19M   INFO   UnbranchingPathExtractor (debruijn_graph_constructor: 373)   Extracting unbranching paths finished. 3378 sequences extracted
  0:00:00.312     1M / 19M   INFO   UnbranchingPathExtractor (debruijn_graph_constructor: 309)   Collecting perfect loops
  0:00:00.322     1M / 19M   INFO   UnbranchingPathExtractor (debruijn_graph_constructor: 342)   Collecting perfect loops finished. 0 loops collected
  0:00:00.322     1M / 19M   INFO    General                 (debruijn_graph_constructor: 487)   Total 6756 edges to create
  0:00:00.322     1M / 19M   INFO    General                 (debruijn_graph_constructor: 489)   Collecting link records
  0:00:00.326     1M / 19M   INFO    General                 (debruijn_graph_constructor: 491)   Ordering link records
  0:00:00.327     1M / 19M   INFO    General                 (debruijn_graph_constructor: 493)   Sorting done
  0:00:00.327     2M / 19M   INFO    General                 (debruijn_graph_constructor: 503)   Total 5626 vertices to create
  0:00:00.327     2M / 19M   INFO    General                 (debruijn_graph_constructor: 506)   Connecting the graph
  0:00:00.328     2M / 19M   INFO    General                 (stage.cpp                 : 117)   PROCEDURE == Filling coverage indices (PHM) (id: construction:coverage_filling_phm)
  0:00:00.328     2M / 19M   INFO   K-mer Index Building     (kmer_index_builder.hpp    : 395)   Building perfect hash indices
  0:00:00.342     2M / 19M   INFO   K-mer Index Building     (kmer_index_builder.hpp    : 431)   Index built. Total 88783 kmers, 71736 bytes occupied (6.46394 bits per kmer).
  0:00:00.342     2M / 19M   INFO    General                 (coverage_hash_map_builder.:  47)   Collecting k-mer coverage information from reads, this takes a while.
  0:00:00.384     2M / 19M   INFO    General                 (construction.cpp          : 430)   Filling coverage and flanking coverage from PHM
  0:00:00.413     2M / 19M   INFO    General                 (coverage_filling.hpp      :  82)   Processed 6756 edges
  0:00:00.415     2M / 19M   INFO   StageManager             (stage.cpp                 : 185)   STAGE == EC Threshold Finding (id: ec_threshold_finder)
  0:00:00.415     2M / 19M   INFO    General                 (kmer_coverage_model.cpp   : 181)   Kmer coverage valley at: 20
  0:00:00.415     2M / 19M   INFO    General                 (kmer_coverage_model.cpp   : 201)   K-mer histogram maximum: 24
  0:00:00.415     2M / 19M   INFO    General                 (kmer_coverage_model.cpp   : 237)   Estimated median coverage: 24. Coverage mad: 2.9652
  0:00:00.415     2M / 19M   INFO    General                 (kmer_coverage_model.cpp   : 259)   Fitting coverage model
  0:00:00.440     2M / 19M   INFO    General                 (kmer_coverage_model.cpp   : 295)   ... iteration 2
  0:00:00.502     2M / 19M   INFO    General                 (kmer_coverage_model.cpp   : 295)   ... iteration 4
  0:00:00.691     2M / 19M   INFO    General                 (kmer_coverage_model.cpp   : 295)   ... iteration 8
  0:00:01.150     2M / 19M   INFO    General                 (kmer_coverage_model.cpp   : 295)   ... iteration 16
  0:00:01.941     2M / 19M   INFO    General                 (kmer_coverage_model.cpp   : 295)   ... iteration 32
  0:00:02.414     2M / 19M   INFO    General                 (kmer_coverage_model.cpp   : 309)   Fitted mean coverage: 35.9946. Fitted coverage std. dev: 3.69006
  0:00:02.415     2M / 19M   INFO    General                 (kmer_coverage_model.cpp   : 334)   Probability of erroneous kmer at valley: 0.999929
  0:00:02.415     2M / 19M   WARN    General                 (kmer_coverage_model.cpp   : 366)   Failed to determine erroneous kmer threshold. Threshold set to: 20
  0:00:02.415     2M / 19M   INFO    General                 (kmer_coverage_model.cpp   : 375)   Estimated genome size (ignoring repeats): 828
  0:00:02.415     2M / 19M   INFO    General                 (genomic_info_filler.cpp   :  57)   Failed to estimate mean coverage
  0:00:02.415     2M / 19M   INFO    General                 (genomic_info_filler.cpp   :  70)   EC coverage threshold value was calculated as 20
  0:00:02.415     2M / 19M   INFO    General                 (genomic_info_filler.cpp   :  71)   Trusted kmer low bound: 0
  0:00:02.415     2M / 19M   INFO   StageManager             (stage.cpp                 : 185)   STAGE == Gap Closer (id: early_gapcloser)
  0:00:02.423    11M / 23M   INFO    General                 (edge_index.hpp            : 113)   Size of edge index entries: 12/8
  0:00:02.425    11M / 23M   INFO    General                 (gap_closer.cpp            : 101)   Total edges in tip neighborhood: 5627 out of 6756, length: 154047
  0:00:02.425    11M / 23M   INFO    General                 (edge_index.hpp            : 167)   Using small index (max_id = 6792)
  0:00:02.433    11M / 23M   INFO   K-mer Index Building     (kmer_index_builder.hpp    : 395)   Building perfect hash indices
  0:00:02.471    11M / 23M   INFO   K-mer Index Building     (kmer_index_builder.hpp    : 431)   Index built. Total 84712 kmers, 61936 bytes occupied (5.84909 bits per kmer).
  0:00:02.472    12M / 23M   INFO    General                 (edge_index_builders.hpp   : 265)   Collecting edge information from graph, this takes a while.
  0:00:02.516    12M / 24M   INFO    General                 (sequence_mapper_notifier.h:  95)   Total 5469 reads processed
  0:00:02.521    11M / 24M   INFO    General                 (gap_closer.cpp            : 452)   Initializing gap closer
  0:00:02.521    11M / 24M   INFO   GapCloser                (gap_closer.cpp            : 359)   Closing short gaps
  0:00:02.527    11M / 24M   INFO   GapCloser                (gap_closer.cpp            : 391)   Closing short gaps complete: filled 234 gaps after checking 422 candidates
  0:00:02.528    11M / 24M   INFO    General                 (gap_closer.cpp            : 456)   Gap closer done
  0:00:02.529     2M / 24M   INFO   StageManager             (stage.cpp                 : 185)   STAGE == Raw Simplification (id: raw_simplification)
  0:00:02.529     2M / 24M   INFO    General                 (simplification.cpp        : 127)   PROCEDURE == Initial cleaning
  0:00:02.529     2M / 25M   INFO    General                 (simplification.cpp        :  66)   Most init cleaning disabled since detected mean 0 was less than activation coverage 10
  0:00:02.529     2M / 25M   INFO   Simplification           (parallel_processing.hpp   : 167)   Running Self conjugate edge remover
  0:00:02.530     2M / 25M   INFO   Simplification           (parallel_processing.hpp   : 170)   Self conjugate edge remover triggered 0 times
  0:00:02.530     2M / 25M   INFO   StageManager             (stage.cpp                 : 185)   STAGE == Simplification (id: simplification)
  0:00:02.530     2M / 25M   INFO    General                 (simplification.cpp        : 368)   Graph simplification started
  0:00:02.530     2M / 25M   INFO    General                 (graph_simplification.hpp  : 634)   Creating parallel br instance
  0:00:02.530     2M / 25M   INFO    General                 (simplification.cpp        : 373)   PROCEDURE == Simplification cycle, iteration 1
  0:00:02.530     2M / 25M   INFO   Simplification           (parallel_processing.hpp   : 167)   Running Tip clipper
  0:00:02.533     2M / 25M   INFO   Simplification           (parallel_processing.hpp   : 170)   Tip clipper triggered 575 times
  0:00:02.533     2M / 25M   INFO   Simplification           (parallel_processing.hpp   : 167)   Running Bulge remover
  0:00:02.534     2M / 25M   INFO   Simplification           (parallel_processing.hpp   : 170)   Bulge remover triggered 0 times
  0:00:02.534     2M / 25M   INFO   Simplification           (parallel_processing.hpp   : 167)   Running Low coverage edge remover
  0:00:02.534     2M / 25M   INFO   Simplification           (parallel_processing.hpp   : 170)   Low coverage edge remover triggered 0 times
  0:00:02.534     2M / 25M   INFO    General                 (simplification.cpp        : 373)   PROCEDURE == Simplification cycle, iteration 2
  0:00:02.534     2M / 25M   INFO   Simplification           (parallel_processing.hpp   : 167)   Running Tip clipper
  0:00:02.534     2M / 25M   INFO   Simplification           (parallel_processing.hpp   : 170)   Tip clipper triggered 0 times
  0:00:02.534     2M / 25M   INFO   Simplification           (parallel_processing.hpp   : 167)   Running Bulge remover
  0:00:02.534     2M / 25M   INFO   Simplification           (parallel_processing.hpp   : 170)   Bulge remover triggered 0 times
  0:00:02.534     2M / 25M   INFO   Simplification           (parallel_processing.hpp   : 167)   Running Low coverage edge remover
  0:00:02.534     2M / 25M   INFO   Simplification           (parallel_processing.hpp   : 170)   Low coverage edge remover triggered 0 times
  0:00:02.534     2M / 25M   INFO    General                 (simplification.cpp        : 373)   PROCEDURE == Simplification cycle, iteration 3
  0:00:02.534     2M / 25M   INFO   Simplification           (parallel_processing.hpp   : 167)   Running Tip clipper
  0:00:02.534     2M / 25M   INFO   Simplification           (parallel_processing.hpp   : 170)   Tip clipper triggered 0 times
  0:00:02.534     2M / 25M   INFO   Simplification           (parallel_processing.hpp   : 167)   Running Bulge remover
  0:00:02.534     2M / 25M   INFO   Simplification           (parallel_processing.hpp   : 170)   Bulge remover triggered 0 times
  0:00:02.534     2M / 25M   INFO   Simplification           (parallel_processing.hpp   : 167)   Running Low coverage edge remover
  0:00:02.534     2M / 25M   INFO   Simplification           (parallel_processing.hpp   : 170)   Low coverage edge remover triggered 0 times
  0:00:02.534     2M / 25M   INFO    General                 (simplification.cpp        : 373)   PROCEDURE == Simplification cycle, iteration 4
  0:00:02.534     2M / 25M   INFO   Simplification           (parallel_processing.hpp   : 167)   Running Tip clipper
  0:00:02.534     2M / 25M   INFO   Simplification           (parallel_processing.hpp   : 170)   Tip clipper triggered 0 times
  0:00:02.534     2M / 25M   INFO   Simplification           (parallel_processing.hpp   : 167)   Running Bulge remover
  0:00:02.534     2M / 25M   INFO   Simplification           (parallel_processing.hpp   : 170)   Bulge remover triggered 0 times
  0:00:02.534     2M / 25M   INFO   Simplification           (parallel_processing.hpp   : 167)   Running Low coverage edge remover
  0:00:02.534     2M / 25M   INFO   Simplification           (parallel_processing.hpp   : 170)   Low coverage edge remover triggered 0 times
  0:00:02.534     2M / 25M   INFO    General                 (simplification.cpp        : 373)   PROCEDURE == Simplification cycle, iteration 5
  0:00:02.534     2M / 25M   INFO   Simplification           (parallel_processing.hpp   : 167)   Running Tip clipper
  0:00:02.534     2M / 25M   INFO   Simplification           (parallel_processing.hpp   : 170)   Tip clipper triggered 0 times
  0:00:02.534     2M / 25M   INFO   Simplification           (parallel_processing.hpp   : 167)   Running Bulge remover
  0:00:02.534     2M / 25M   INFO   Simplification           (parallel_processing.hpp   : 170)   Bulge remover triggered 0 times
  0:00:02.534     2M / 25M   INFO   Simplification           (parallel_processing.hpp   : 167)   Running Low coverage edge remover
  0:00:02.534     2M / 25M   INFO   Simplification           (parallel_processing.hpp   : 170)   Low coverage edge remover triggered 0 times
  0:00:02.534     2M / 25M   INFO    General                 (simplification.cpp        : 373)   PROCEDURE == Simplification cycle, iteration 6
  0:00:02.534     2M / 25M   INFO   Simplification           (parallel_processing.hpp   : 167)   Running Tip clipper
  0:00:02.534     2M / 25M   INFO   Simplification           (parallel_processing.hpp   : 170)   Tip clipper triggered 0 times
  0:00:02.534     2M / 25M   INFO   Simplification           (parallel_processing.hpp   : 167)   Running Bulge remover
  0:00:02.535     2M / 25M   INFO   Simplification           (parallel_processing.hpp   : 170)   Bulge remover triggered 0 times
  0:00:02.535     2M / 25M   INFO   Simplification           (parallel_processing.hpp   : 167)   Running Low coverage edge remover
  0:00:02.535     2M / 25M   INFO   Simplification           (parallel_processing.hpp   : 170)   Low coverage edge remover triggered 0 times
  0:00:02.535     2M / 25M   INFO    General                 (simplification.cpp        : 373)   PROCEDURE == Simplification cycle, iteration 7
  0:00:02.535     2M / 25M   INFO   Simplification           (parallel_processing.hpp   : 167)   Running Tip clipper
  0:00:02.535     2M / 25M   INFO   Simplification           (parallel_processing.hpp   : 170)   Tip clipper triggered 0 times
  0:00:02.535     2M / 25M   INFO   Simplification           (parallel_processing.hpp   : 167)   Running Bulge remover
  0:00:02.535     2M / 25M   INFO   Simplification           (parallel_processing.hpp   : 170)   Bulge remover triggered 0 times
  0:00:02.535     2M / 25M   INFO   Simplification           (parallel_processing.hpp   : 167)   Running Low coverage edge remover
  0:00:02.535     2M / 25M   INFO   Simplification           (parallel_processing.hpp   : 170)   Low coverage edge remover triggered 0 times
  0:00:02.535     2M / 25M   INFO    General                 (simplification.cpp        : 373)   PROCEDURE == Simplification cycle, iteration 8
  0:00:02.535     2M / 25M   INFO   Simplification           (parallel_processing.hpp   : 167)   Running Tip clipper
  0:00:02.535     2M / 25M   INFO   Simplification           (parallel_processing.hpp   : 170)   Tip clipper triggered 0 times
  0:00:02.535     2M / 25M   INFO   Simplification           (parallel_processing.hpp   : 167)   Running Bulge remover
  0:00:02.535     2M / 25M   INFO   Simplification           (parallel_processing.hpp   : 170)   Bulge remover triggered 0 times
  0:00:02.535     2M / 25M   INFO   Simplification           (parallel_processing.hpp   : 167)   Running Low coverage edge remover
  0:00:02.535     2M / 25M   INFO   Simplification           (parallel_processing.hpp   : 170)   Low coverage edge remover triggered 0 times
  0:00:02.535     2M / 25M   INFO    General                 (simplification.cpp        : 373)   PROCEDURE == Simplification cycle, iteration 9
  0:00:02.535     2M / 25M   INFO   Simplification           (parallel_processing.hpp   : 167)   Running Tip clipper
  0:00:02.535     2M / 25M   INFO   Simplification           (parallel_processing.hpp   : 170)   Tip clipper triggered 0 times
  0:00:02.535     2M / 25M   INFO   Simplification           (parallel_processing.hpp   : 167)   Running Bulge remover
  0:00:02.535     2M / 25M   INFO   Simplification           (parallel_processing.hpp   : 170)   Bulge remover triggered 0 times
  0:00:02.535     2M / 25M   INFO   Simplification           (parallel_processing.hpp   : 167)   Running Low coverage edge remover
  0:00:02.535     2M / 25M   INFO   Simplification           (parallel_processing.hpp   : 170)   Low coverage edge remover triggered 0 times
  0:00:02.535     2M / 25M   INFO    General                 (simplification.cpp        : 373)   PROCEDURE == Simplification cycle, iteration 10
  0:00:02.535     2M / 25M   INFO   Simplification           (parallel_processing.hpp   : 167)   Running Tip clipper
  0:00:02.535     2M / 25M   INFO   Simplification           (parallel_processing.hpp   : 170)   Tip clipper triggered 0 times
  0:00:02.535     2M / 25M   INFO   Simplification           (parallel_processing.hpp   : 167)   Running Bulge remover
  0:00:02.535     2M / 25M   INFO   Simplification           (parallel_processing.hpp   : 170)   Bulge remover triggered 0 times
  0:00:02.535     2M / 25M   INFO   Simplification           (parallel_processing.hpp   : 167)   Running Low coverage edge remover
  0:00:02.535     2M / 25M   INFO   Simplification           (parallel_processing.hpp   : 170)   Low coverage edge remover triggered 0 times
  0:00:02.535     2M / 25M   INFO    General                 (simplification.cpp        : 373)   PROCEDURE == Simplification cycle, iteration 11
  0:00:02.535     2M / 25M   INFO   Simplification           (parallel_processing.hpp   : 167)   Running Tip clipper
  0:00:02.535     2M / 25M   INFO   Simplification           (parallel_processing.hpp   : 170)   Tip clipper triggered 0 times
  0:00:02.535     2M / 25M   INFO   Simplification           (parallel_processing.hpp   : 167)   Running Bulge remover
  0:00:02.536     2M / 25M   INFO   Simplification           (parallel_processing.hpp   : 170)   Bulge remover triggered 0 times
  0:00:02.536     2M / 25M   INFO   Simplification           (parallel_processing.hpp   : 167)   Running Low coverage edge remover
  0:00:02.536     2M / 25M   INFO   Simplification           (parallel_processing.hpp   : 170)   Low coverage edge remover triggered 0 times
  0:00:02.536     2M / 25M   INFO   StageManager             (stage.cpp                 : 185)   STAGE == Gap Closer (id: late_gapcloser)
  0:00:02.539    11M / 25M   INFO    General                 (edge_index.hpp            : 113)   Size of edge index entries: 12/8
  0:00:02.540    11M / 25M   INFO    General                 (gap_closer.cpp            : 101)   Total edges in tip neighborhood: 4028 out of 4028, length: 184698
  0:00:02.540    11M / 25M   INFO    General                 (edge_index.hpp            : 167)   Using small index (max_id = 13581)
  0:00:02.547    11M / 25M   INFO   K-mer Index Building     (kmer_index_builder.hpp    : 395)   Building perfect hash indices
  0:00:02.782    11M / 25M   INFO   K-mer Index Building     (kmer_index_builder.hpp    : 431)   Index built. Total 92349 kmers, 201924 bytes occupied (17.4923 bits per kmer).
  0:00:02.782    12M / 25M   INFO    General                 (edge_index_builders.hpp   : 265)   Collecting edge information from graph, this takes a while.
  0:00:02.823    12M / 25M   INFO    General                 (sequence_mapper_notifier.h:  95)   Total 5469 reads processed
  0:00:02.828    11M / 25M   INFO    General                 (gap_closer.cpp            : 452)   Initializing gap closer
  0:00:02.828    11M / 25M   INFO   GapCloser                (gap_closer.cpp            : 359)   Closing short gaps
  0:00:02.830    11M / 25M   INFO   GapCloser                (gap_closer.cpp            : 391)   Closing short gaps complete: filled 53 gaps after checking 124 candidates
  0:00:02.831    11M / 25M   INFO    General                 (gap_closer.cpp            : 456)   Gap closer done
  0:00:02.832     2M / 25M   INFO   StageManager             (stage.cpp                 : 185)   STAGE == Simplification Cleanup (id: simplification_cleanup)
  0:00:02.832     2M / 25M   INFO    General                 (simplification.cpp        : 176)   PROCEDURE == Post simplification
  0:00:02.832     2M / 25M   INFO    General                 (graph_simplification.hpp  : 448)   Disconnection of relatively low covered edges disabled
  0:00:02.832     2M / 25M   INFO    General                 (graph_simplification.hpp  : 485)   Complex tip clipping disabled
  0:00:02.832     2M / 25M   INFO    General                 (graph_simplification.hpp  : 634)   Creating parallel br instance
  0:00:02.832     2M / 25M   INFO   Simplification           (parallel_processing.hpp   : 167)   Running Tip clipper
  0:00:02.832     2M / 25M   INFO   Simplification           (parallel_processing.hpp   : 170)   Tip clipper triggered 0 times
  0:00:02.832     2M / 25M   INFO   Simplification           (parallel_processing.hpp   : 167)   Running Bulge remover
  0:00:02.833     2M / 25M   INFO   Simplification           (parallel_processing.hpp   : 170)   Bulge remover triggered 0 times
  0:00:02.833     2M / 25M   INFO   Simplification           (parallel_processing.hpp   : 167)   Running Tip clipper
  0:00:02.833     2M / 25M   INFO   Simplification           (parallel_processing.hpp   : 170)   Tip clipper triggered 0 times
  0:00:02.833     2M / 25M   INFO   Simplification           (parallel_processing.hpp   : 167)   Running Bulge remover
  0:00:02.833     2M / 25M   INFO   Simplification           (parallel_processing.hpp   : 170)   Bulge remover triggered 0 times
  0:00:02.833     2M / 25M   INFO    General                 (simplification.cpp        : 327)   Disrupting self-conjugate edges
  0:00:02.834     2M / 25M   INFO   Simplification           (parallel_processing.hpp   : 167)   Running Removing isolated edges
  0:00:02.836     2M / 25M   INFO   Simplification           (parallel_processing.hpp   : 170)   Removing isolated edges triggered 1841 times
  0:00:02.836     2M / 25M   INFO    General                 (simplification.cpp        : 495)   After simplification:
  0:00:02.836     2M / 25M   INFO    General                 (simplification.cpp        : 496)     Average coverage = 4.15557
  0:00:02.836     2M / 25M   INFO    General                 (simplification.cpp        : 497)     Total length = 35162
  0:00:02.836     2M / 25M   INFO    General                 (simplification.cpp        : 498)     Median edge length: 320
  0:00:02.836     2M / 25M   INFO    General                 (simplification.cpp        : 499)     Edges: 240
  0:00:02.836     2M / 25M   INFO    General                 (simplification.cpp        : 500)     Vertices: 480
  0:00:02.836     2M / 25M   WARN    General                 (simplification.cpp        : 504)   The determined erroneous connection coverage threshold may be determined improperly
  0:00:02.836     2M / 25M   INFO   StageManager             (stage.cpp                 : 185)   STAGE == Mismatch Correction (id: mismatch_correction)
  0:00:02.836     2M / 25M   INFO    General                 (graph_pack.cpp            :  67)   Index refill
  0:00:02.836     2M / 25M   INFO    General                 (edge_index.hpp            : 156)   Using small index (max_id = 13581)
  0:00:02.839     2M / 25M   INFO   K-mer Index Building     (kmer_index_builder.hpp    : 395)   Building perfect hash indices
  0:00:02.853     2M / 25M   INFO   K-mer Index Building     (kmer_index_builder.hpp    : 431)   Index built. Total 35162 kmers, 37912 bytes occupied (8.62568 bits per kmer).
  0:00:02.853     2M / 25M   INFO    General                 (edge_index_builders.hpp   : 252)   Collecting edge information from graph, this takes a while.
  0:00:02.858     2M / 25M   INFO    General                 (graph_pack.cpp            :  77)   Normalizing k-mer map. Total 0 kmers to process
  0:00:02.858     2M / 25M   INFO    General                 (graph_pack.cpp            :  79)   Normalizing done
  0:00:02.858     2M / 25M   INFO    General                 (mismatch_correction.cpp   : 400)   Collect potential mismatches
  0:00:02.858     2M / 25M   INFO    General                 (mismatch_correction.cpp   : 192)   Total 0 edges (out of 240) with 0 potential mismatch positions (-nan positions per edge)
  0:00:02.858     2M / 25M   INFO    General                 (mismatch_correction.cpp   : 402)   Potential mismatches collected
  0:00:02.920     2M / 25M   INFO    General                 (sequence_mapper_notifier.h:  95)   Total 21890 reads processed
  0:00:02.920     2M / 25M   INFO    General                 (mismatch_correction.cpp   : 395)   All edges processed
  0:00:02.920     2M / 25M   INFO    General                 (mismatch_correction.cpp   : 450)   Corrected 0 nucleotides
  0:00:02.920     2M / 25M   INFO   StageManager             (stage.cpp                 : 185)   STAGE == Contig Output (id: contig_output)
  0:00:02.920     2M / 25M   INFO    General                 (contig_output.hpp         :  16)   Outputting contigs to /home/pfay/Pipeline_Project/results/SRR5660044_assembly/K127/before_rr.fasta
  0:00:02.921     2M / 25M   INFO    General                 (contig_output_stage.cpp   : 151)   Writing GFA graph to /home/pfay/Pipeline_Project/results/SRR5660044_assembly/K127/assembly_graph_after_simplification.gfa
  0:00:02.922     2M / 25M   INFO   StageManager             (stage.cpp                 : 185)   STAGE == Paired Information Counting (id: late_pair_info_count)
  0:00:02.922     2M / 25M   INFO    General                 (graph_pack.cpp            :  77)   Normalizing k-mer map. Total 0 kmers to process
  0:00:02.922     2M / 25M   INFO    General                 (graph_pack.cpp            :  79)   Normalizing done
  0:00:02.922     2M / 25M   INFO    General                 (pair_info_count.cpp       : 339)   Min edge length for estimation: 320
  0:00:02.922     2M / 25M   INFO    General                 (pair_info_count.cpp       : 350)   Estimating insert size for library #0
  0:00:02.922     2M / 25M   INFO    General                 (pair_info_count.cpp       : 202)   Estimating insert size (takes a while)
  0:00:02.942    34M / 48M   INFO    General                 (pair_info_count.cpp       :  48)   Selecting usual mapper
  0:00:03.004    34M / 48M   INFO    General                 (sequence_mapper_notifier.h:  95)   Total 5469 reads processed
  0:00:03.118    34M / 48M   INFO    General                 (pair_info_count.cpp       : 220)   Edge pairs: 180
  0:00:03.118    34M / 48M   INFO    General                 (pair_info_count.cpp       : 222)   2342 paired reads (42.8232% of all) aligned to long edges
  0:00:03.118     2M / 48M   INFO    General                 (pair_info_count.cpp       : 369)     Insert size = 227.656, deviation = 63.9589, left quantile = 152, right quantile = 317, read length = 151
  0:00:03.118     2M / 48M   INFO    General                 (pair_info_count.cpp       : 390)   Filtering data for library #0
  0:00:03.118     2M / 48M   INFO    General                 (pair_info_count.cpp       :  48)   Selecting usual mapper
  0:00:03.150     2M / 48M   INFO    General                 (sequence_mapper_notifier.h:  95)   Total 5469 reads processed
  0:00:03.150     2M / 48M   INFO    General                 (pair_info_count.cpp       : 402)   Mapping library #0
  0:00:03.150     2M / 48M   INFO    General                 (pair_info_count.cpp       : 404)   Mapping paired reads (takes a while)
  0:00:03.150     2M / 48M   INFO    General                 (pair_info_count.cpp       : 299)   Left insert size quantile 152, right insert size quantile 317, filtering threshold 2, rounding threshold 0
  0:00:03.153    11M / 48M   INFO    General                 (pair_info_count.cpp       :  48)   Selecting usual mapper
  0:00:03.187    11M / 48M   INFO    General                 (sequence_mapper_notifier.h:  95)   Total 5469 reads processed
  0:00:03.191     2M / 48M   INFO   StageManager             (stage.cpp                 : 185)   STAGE == Distance Estimation (id: distance_estimation)
  0:00:03.191     2M / 48M   INFO    General                 (distance_estimation.cpp   : 179)   Processing library #0
  0:00:03.191     2M / 48M   INFO    General                 (distance_estimation.cpp   : 150)   Weight Filter Done
  0:00:03.191     2M / 48M   INFO   DistanceEstimator        (distance_estimation.hpp   : 116)   Using SIMPLE distance estimator
  0:00:03.192     2M / 48M   INFO    General                 (distance_estimation.cpp   :  37)   Filtering info
  0:00:03.192     2M / 48M   INFO    General                 (pair_info_filters.hpp     : 242)   Start filtering; library index size: 240
  0:00:03.192     2M / 48M   INFO    General                 (pair_info_filters.hpp     : 263)   Done filtering; library index size: 202
  0:00:03.192     2M / 48M   INFO    General                 (distance_estimation.cpp   : 156)   Refining clustered pair information
  0:00:03.192     2M / 48M   INFO    General                 (distance_estimation.cpp   : 158)   The refining of clustered pair information has been finished
  0:00:03.192     2M / 48M   INFO    General                 (distance_estimation.cpp   : 160)   Improving paired information
  0:00:03.193     2M / 48M   INFO   PairInfoImprover         (pair_info_improver.hpp    : 104)   Paired info stats: missing = 0; contradictional = 0
  0:00:03.193     2M / 48M   INFO   PairInfoImprover         (pair_info_improver.hpp    : 104)   Paired info stats: missing = 0; contradictional = 0
  0:00:03.193     2M / 48M   INFO    General                 (distance_estimation.cpp   : 104)   Filling scaffolding index
  0:00:03.193     2M / 48M   INFO   DistanceEstimator        (distance_estimation.hpp   : 116)   Using SMOOTHING distance estimator
  0:00:03.194     2M / 48M   INFO    General                 (distance_estimation.cpp   :  37)   Filtering info
  0:00:03.194     2M / 48M   INFO    General                 (pair_info_filters.hpp     : 242)   Start filtering; library index size: 244
  0:00:03.194     2M / 48M   INFO    General                 (pair_info_filters.hpp     : 263)   Done filtering; library index size: 244
  0:00:03.194     2M / 48M   INFO    General                 (distance_estimation.cpp   : 186)   Clearing raw paired index
  0:00:03.194     2M / 48M   INFO   StageManager             (stage.cpp                 : 185)   STAGE == Repeat Resolving (id: repeat_resolving)
  0:00:03.194     2M / 48M   INFO    General                 (repeat_resolving.cpp      :  87)   Using Path-Extend repeat resolving
  0:00:03.194     2M / 48M   INFO    General                 (launcher.cpp              : 600)   ExSPAnder repeat resolving tool started
  0:00:03.194     2M / 48M   INFO    General                 (coverage_uniformity_analyz:  25)   genomic coverage is 3.24471 calculated of length 17679
  0:00:03.194     3M / 48M   INFO    General                 (launcher.cpp              : 418)   Creating main extenders, unique edge length = 2000
  0:00:03.194     3M / 48M   INFO    General                 (extenders_logic.cpp       : 334)   Estimated coverage of library #0 is 4.15557
  0:00:03.194     3M / 48M   INFO    General                 (extenders_logic.cpp       : 345)   Creating extender; library index size: 202
  0:00:03.194     3M / 48M   INFO    General                 (extenders_logic.cpp       : 334)   Estimated coverage of library #0 is 4.15557
  0:00:03.194     3M / 48M   INFO    General                 (extenders_logic.cpp       : 345)   Creating extender; library index size: 202
  0:00:03.194     3M / 49M   INFO    General                 (extenders_logic.cpp       : 543)   Using 1 paired-end library
  0:00:03.194     3M / 49M   INFO    General                 (extenders_logic.cpp       : 544)   Using 1 paired-end scaffolding library
  0:00:03.194     3M / 49M   INFO    General                 (extenders_logic.cpp       : 545)   Using 0 single read libraries
  0:00:03.195     3M / 49M   INFO    General                 (launcher.cpp              : 447)   Total number of extenders is 3
  0:00:03.195     3M / 49M   INFO    General                 (path_extenders.cpp        :  36)   Processed 0 paths from 120 (0%)
  0:00:03.195     3M / 49M   INFO    General                 (path_extenders.cpp        :  36)   Processed 13 paths from 120 (10%)
  0:00:03.195     3M / 49M   INFO    General                 (path_extenders.cpp        :  36)   Processed 26 paths from 120 (21%)
  0:00:03.195     3M / 49M   INFO    General                 (path_extenders.cpp        :  36)   Processed 39 paths from 120 (32%)
  0:00:03.195     3M / 49M   INFO    General                 (path_extenders.cpp        :  36)   Processed 52 paths from 120 (43%)
  0:00:03.196     3M / 49M   INFO    General                 (path_extenders.cpp        :  36)   Processed 65 paths from 120 (54%)
  0:00:03.196     3M / 49M   INFO    General                 (path_extenders.cpp        :  36)   Processed 78 paths from 120 (65%)
  0:00:03.196     3M / 49M   INFO    General                 (path_extenders.cpp        :  36)   Processed 91 paths from 120 (75%)
  0:00:03.196     3M / 49M   INFO    General                 (path_extenders.cpp        :  36)   Processed 104 paths from 120 (86%)
  0:00:03.196     3M / 49M   INFO    General                 (path_extenders.cpp        :  36)   Processed 117 paths from 120 (97%)
  0:00:03.196     3M / 49M   INFO    General                 (launcher.cpp              : 250)   Finalizing paths
  0:00:03.196     3M / 49M   INFO    General                 (launcher.cpp              : 252)   Deduplicating paths
  0:00:03.196     3M / 49M   INFO    General                 (launcher.cpp              : 256)   Paths deduplicated
  0:00:03.196     3M / 49M   INFO   PEResolver               (pe_resolver.cpp           :  60)   Removing overlaps
  0:00:03.196     3M / 49M   INFO   PEResolver               (pe_resolver.cpp           :  63)   Sorting paths
  0:00:03.196     3M / 49M   INFO   PEResolver               (pe_resolver.cpp           :  70)   Marking overlaps
  0:00:03.196     3M / 49M   INFO   OverlapRemover           (overlap_remover.hpp       : 116)   Marking start/end overlaps
  0:00:03.196     3M / 49M   INFO   OverlapRemover           (overlap_remover.hpp       : 119)   Marking remaining overlaps
  0:00:03.196     3M / 49M   INFO   PEResolver               (pe_resolver.cpp           :  73)   Splitting paths
  0:00:03.196     3M / 49M   INFO   PEResolver               (pe_resolver.cpp           :  78)   Deduplicating paths
  0:00:03.196     3M / 49M   INFO   PEResolver               (pe_resolver.cpp           :  80)   Overlaps removed
  0:00:03.196     3M / 49M   INFO    General                 (launcher.cpp              : 273)   Paths finalized
  0:00:03.196     3M / 49M   INFO    General                 (launcher.cpp              : 454)   Closing gaps in paths
  0:00:03.197     4M / 49M   INFO    General                 (launcher.cpp              : 484)   Gap closing completed
  0:00:03.197     4M / 49M   INFO    General                 (launcher.cpp              : 302)   Traversing tandem repeats
  0:00:03.197     4M / 49M   INFO    General                 (launcher.cpp              : 312)   Traversed 0 loops
  0:00:03.197     4M / 49M   INFO    General                 (launcher.cpp              : 250)   Finalizing paths
  0:00:03.197     4M / 49M   INFO    General                 (launcher.cpp              : 252)   Deduplicating paths
  0:00:03.197     4M / 49M   INFO    General                 (launcher.cpp              : 256)   Paths deduplicated
  0:00:03.197     4M / 49M   INFO   PEResolver               (pe_resolver.cpp           :  60)   Removing overlaps
  0:00:03.197     4M / 49M   INFO   PEResolver               (pe_resolver.cpp           :  63)   Sorting paths
  0:00:03.197     4M / 49M   INFO   PEResolver               (pe_resolver.cpp           :  70)   Marking overlaps
  0:00:03.197     4M / 49M   INFO   OverlapRemover           (overlap_remover.hpp       : 116)   Marking start/end overlaps
  0:00:03.197     4M / 49M   INFO   OverlapRemover           (overlap_remover.hpp       : 119)   Marking remaining overlaps
  0:00:03.197     4M / 49M   INFO   PEResolver               (pe_resolver.cpp           :  73)   Splitting paths
  0:00:03.197     4M / 49M   INFO   PEResolver               (pe_resolver.cpp           :  78)   Deduplicating paths
  0:00:03.197     4M / 49M   INFO   PEResolver               (pe_resolver.cpp           :  80)   Overlaps removed
  0:00:03.198     4M / 49M   INFO    General                 (launcher.cpp              : 273)   Paths finalized
  0:00:03.198     4M / 49M   INFO    General                 (launcher.cpp              : 664)   ExSPAnder repeat resolving tool finished
  0:00:03.198     3M / 49M   INFO   StageManager             (stage.cpp                 : 185)   STAGE == Contig Output (id: contig_output)
  0:00:03.198     3M / 49M   INFO    General                 (contig_output.hpp         :  16)   Outputting contigs to /home/pfay/Pipeline_Project/results/SRR5660044_assembly/K127/before_rr.fasta
  0:00:03.199     3M / 49M   INFO    General                 (contig_output_stage.cpp   : 151)   Writing GFA graph to /home/pfay/Pipeline_Project/results/SRR5660044_assembly/K127/assembly_graph_with_scaffolds.gfa
  0:00:03.199     3M / 49M   INFO    General                 (contig_output_stage.cpp   : 165)   Outputting FastG graph to /home/pfay/Pipeline_Project/results/SRR5660044_assembly/K127/assembly_graph.fastg
  0:00:03.201     3M / 49M   INFO    General                 (contig_output_stage.cpp   : 196)   Breaking scaffolds
  0:00:03.201     3M / 49M   INFO    General                 (contig_output_stage.cpp   :  98)   Outputting contigs to /home/pfay/Pipeline_Project/results/SRR5660044_assembly/K127/final_contigs.fasta
  0:00:03.202     3M / 49M   INFO    General                 (contig_output_stage.cpp   : 104)   Outputting FastG paths to /home/pfay/Pipeline_Project/results/SRR5660044_assembly/K127/final_contigs.paths
  0:00:03.202     3M / 49M   INFO    General                 (contig_output_stage.cpp   :  98)   Outputting contigs to /home/pfay/Pipeline_Project/results/SRR5660044_assembly/K127/scaffolds.fasta
  0:00:03.202     3M / 49M   INFO    General                 (contig_output_stage.cpp   : 104)   Outputting FastG paths to /home/pfay/Pipeline_Project/results/SRR5660044_assembly/K127/scaffolds.paths
  0:00:03.203     3M / 49M   INFO    General                 (contig_output_stage.cpp   : 111)   Populating GFA with scaffold paths
  0:00:03.203     3M / 49M   INFO    General                 (pipeline.cpp              : 287)   SPAdes finished
  0:00:03.203     1M / 49M   INFO    General                 (main.cpp                  : 136)   Assembling time: 0 hours 0 minutes 3 seconds

===== K127 finished. 


===== Copy files started. 


== Running: /usr/bin/python3 /usr/share/spades/spades_pipeline/scripts/copy_files.py /home/pfay/Pipeline_Project/results/SRR5660044_assembly/K127/before_rr.fasta /home/pfay/Pipeline_Project/results/SRR5660044_assembly/before_rr.fasta /home/pfay/Pipeline_Project/results/SRR5660044_assembly/K127/assembly_graph_after_simplification.gfa /home/pfay/Pipeline_Project/results/SRR5660044_assembly/assembly_graph_after_simplification.gfa /home/pfay/Pipeline_Project/results/SRR5660044_assembly/K127/final_contigs.fasta /home/pfay/Pipeline_Project/results/SRR5660044_assembly/contigs.fasta /home/pfay/Pipeline_Project/results/SRR5660044_assembly/K127/first_pe_contigs.fasta /home/pfay/Pipeline_Project/results/SRR5660044_assembly/first_pe_contigs.fasta /home/pfay/Pipeline_Project/results/SRR5660044_assembly/K127/strain_graph.gfa /home/pfay/Pipeline_Project/results/SRR5660044_assembly/strain_graph.gfa /home/pfay/Pipeline_Project/results/SRR5660044_assembly/K127/scaffolds.fasta /home/pfay/Pipeline_Project/results/SRR5660044_assembly/scaffolds.fasta /home/pfay/Pipeline_Project/results/SRR5660044_assembly/K127/scaffolds.paths /home/pfay/Pipeline_Project/results/SRR5660044_assembly/scaffolds.paths /home/pfay/Pipeline_Project/results/SRR5660044_assembly/K127/assembly_graph_with_scaffolds.gfa /home/pfay/Pipeline_Project/results/SRR5660044_assembly/assembly_graph_with_scaffolds.gfa /home/pfay/Pipeline_Project/results/SRR5660044_assembly/K127/assembly_graph.fastg /home/pfay/Pipeline_Project/results/SRR5660044_assembly/assembly_graph.fastg /home/pfay/Pipeline_Project/results/SRR5660044_assembly/K127/final_contigs.paths /home/pfay/Pipeline_Project/results/SRR5660044_assembly/contigs.paths


===== Copy files finished. 


===== Assembling finished. 


===== Breaking scaffolds started. 


== Running: /usr/bin/python3 /usr/share/spades/spades_pipeline/scripts/breaking_scaffolds_script.py --result_scaffolds_filename /home/pfay/Pipeline_Project/results/SRR5660044_assembly/scaffolds.fasta --misc_dir /home/pfay/Pipeline_Project/results/SRR5660044_assembly/misc --threshold_for_breaking_scaffolds 3


===== Breaking scaffolds finished. 


===== Terminate started. 


===== Terminate finished. 

 * Corrected reads are in /home/pfay/Pipeline_Project/results/SRR5660044_assembly/corrected/
 * Assembled contigs are in /home/pfay/Pipeline_Project/results/SRR5660044_assembly/contigs.fasta
 * Assembled scaffolds are in /home/pfay/Pipeline_Project/results/SRR5660044_assembly/scaffolds.fasta
 * Paths in the assembly graph corresponding to the contigs are in /home/pfay/Pipeline_Project/results/SRR5660044_assembly/contigs.paths
 * Paths in the assembly graph corresponding to the scaffolds are in /home/pfay/Pipeline_Project/results/SRR5660044_assembly/scaffolds.paths
 * Assembly graph is in /home/pfay/Pipeline_Project/results/SRR5660044_assembly/assembly_graph.fastg
 * Assembly graph in GFA format is in /home/pfay/Pipeline_Project/results/SRR5660044_assembly/assembly_graph_with_scaffolds.gfa

======= SPAdes pipeline finished WITH WARNINGS!

=== Error correction and assembling warnings:
 * 0:00:02.415     2M / 19M   WARN    General                 (kmer_coverage_model.cpp   : 366)   Failed to determine erroneous kmer threshold. Threshold set to: 20
 * 0:00:02.836     2M / 25M   WARN    General                 (simplification.cpp        : 504)   The determined erroneous connection coverage threshold may be determined improperly
======= Warnings saved to /home/pfay/Pipeline_Project/results/SRR5660044_assembly/warnings.log

SPAdes log can be found here: /home/pfay/Pipeline_Project/results/SRR5660044_assembly/spades.log

Thank you for using SPAdes!
