Building DAG of jobs...
Using shell: /usr/bin/bash
Provided cores: 1 (use --cores to define parallelism)
Rules claiming more threads will be scaled down.
Job stats:
job                     count
--------------------  -------
all                         1
assemble_spades             4
bowtie2_filter              4
build_kallisto_index        1
final_report                1
kallisto_quant              4
run_sleuth                  1
total                      16

Select jobs to execute...

[Mon Feb 23 12:57:50 2026]
rule bowtie2_filter:
    input: hcmv_bt2.1.bt2, hcmv_bt2.2.bt2, hcmv_bt2.3.bt2, hcmv_bt2.4.bt2, hcmv_bt2.rev.1.bt2, hcmv_bt2.rev.2.bt2, data/SRR5660033_1.fastq, data/SRR5660033_2.fastq
    output: results/SRR5660033_mapped.1.fastq, results/SRR5660033_mapped.2.fastq
    jobid: 13
    reason: Missing output files: results/SRR5660033_mapped.1.fastq, results/SRR5660033_mapped.2.fastq
    wildcards: sample=SRR5660033
    resources: tmpdir=/tmp

[Mon Feb 23 12:57:52 2026]
Finished job 13.
1 of 16 steps (6%) done
Select jobs to execute...

[Mon Feb 23 12:57:52 2026]
rule bowtie2_filter:
    input: hcmv_bt2.1.bt2, hcmv_bt2.2.bt2, hcmv_bt2.3.bt2, hcmv_bt2.4.bt2, hcmv_bt2.rev.1.bt2, hcmv_bt2.rev.2.bt2, data/SRR5660044_1.fastq, data/SRR5660044_2.fastq
    output: results/SRR5660044_mapped.1.fastq, results/SRR5660044_mapped.2.fastq
    jobid: 15
    reason: Missing output files: results/SRR5660044_mapped.2.fastq, results/SRR5660044_mapped.1.fastq
    wildcards: sample=SRR5660044
    resources: tmpdir=/tmp

[Mon Feb 23 12:57:55 2026]
Finished job 15.
2 of 16 steps (12%) done
Select jobs to execute...

[Mon Feb 23 12:57:55 2026]
rule bowtie2_filter:
    input: hcmv_bt2.1.bt2, hcmv_bt2.2.bt2, hcmv_bt2.3.bt2, hcmv_bt2.4.bt2, hcmv_bt2.rev.1.bt2, hcmv_bt2.rev.2.bt2, data/SRR5660030_1.fastq, data/SRR5660030_2.fastq
    output: results/SRR5660030_mapped.1.fastq, results/SRR5660030_mapped.2.fastq
    jobid: 10
    reason: Missing output files: results/SRR5660030_mapped.1.fastq, results/SRR5660030_mapped.2.fastq
    wildcards: sample=SRR5660030
    resources: tmpdir=/tmp

[Mon Feb 23 12:57:58 2026]
Finished job 10.
3 of 16 steps (19%) done
Select jobs to execute...

[Mon Feb 23 12:57:58 2026]
rule assemble_spades:
    input: results/SRR5660033_mapped.1.fastq, results/SRR5660033_mapped.2.fastq
    output: results/SRR5660033_assembly/contigs.fasta
    jobid: 12
    reason: Missing output files: results/SRR5660033_assembly/contigs.fasta; Input files updated by another job: results/SRR5660033_mapped.1.fastq, results/SRR5660033_mapped.2.fastq
    wildcards: sample=SRR5660033
    resources: tmpdir=/tmp

[Mon Feb 23 12:58:06 2026]
Finished job 12.
4 of 16 steps (25%) done
Select jobs to execute...

[Mon Feb 23 12:58:06 2026]
rule build_kallisto_index:
    input: hcmv_cds.fasta
    output: hcmv_index.idx
    jobid: 4
    reason: Updated input files: hcmv_cds.fasta
    resources: tmpdir=/tmp

[Mon Feb 23 12:58:07 2026]
Finished job 4.
5 of 16 steps (31%) done
Select jobs to execute...

[Mon Feb 23 12:58:07 2026]
rule kallisto_quant:
    input: hcmv_index.idx, data/SRR5660044_1.fastq, data/SRR5660044_2.fastq
    output: results/SRR5660044_kallisto
    jobid: 7
    reason: Input files updated by another job: hcmv_index.idx
    wildcards: sample=SRR5660044
    resources: tmpdir=/tmp

[Mon Feb 23 12:58:08 2026]
Finished job 7.
6 of 16 steps (38%) done
Select jobs to execute...

[Mon Feb 23 12:58:08 2026]
rule kallisto_quant:
    input: hcmv_index.idx, data/SRR5660045_1.fastq, data/SRR5660045_2.fastq
    output: results/SRR5660045_kallisto
    jobid: 8
    reason: Input files updated by another job: hcmv_index.idx
    wildcards: sample=SRR5660045
    resources: tmpdir=/tmp

[Mon Feb 23 12:58:08 2026]
Finished job 8.
7 of 16 steps (44%) done
Select jobs to execute...

[Mon Feb 23 12:58:09 2026]
rule assemble_spades:
    input: results/SRR5660030_mapped.1.fastq, results/SRR5660030_mapped.2.fastq
    output: results/SRR5660030_assembly/contigs.fasta
    jobid: 9
    reason: Missing output files: results/SRR5660030_assembly/contigs.fasta; Input files updated by another job: results/SRR5660030_mapped.1.fastq, results/SRR5660030_mapped.2.fastq
    wildcards: sample=SRR5660030
    resources: tmpdir=/tmp

[Mon Feb 23 12:58:19 2026]
Finished job 9.
8 of 16 steps (50%) done
Select jobs to execute...

[Mon Feb 23 12:58:19 2026]
rule kallisto_quant:
    input: hcmv_index.idx, data/SRR5660030_1.fastq, data/SRR5660030_2.fastq
    output: results/SRR5660030_kallisto
    jobid: 3
    reason: Input files updated by another job: hcmv_index.idx
    wildcards: sample=SRR5660030
    resources: tmpdir=/tmp

[Mon Feb 23 12:58:20 2026]
Finished job 3.
9 of 16 steps (56%) done
Select jobs to execute...

[Mon Feb 23 12:58:20 2026]
rule assemble_spades:
    input: results/SRR5660044_mapped.1.fastq, results/SRR5660044_mapped.2.fastq
    output: results/SRR5660044_assembly/contigs.fasta
    jobid: 14
    reason: Missing output files: results/SRR5660044_assembly/contigs.fasta; Input files updated by another job: results/SRR5660044_mapped.2.fastq, results/SRR5660044_mapped.1.fastq
    wildcards: sample=SRR5660044
    resources: tmpdir=/tmp

[Mon Feb 23 12:58:30 2026]
Finished job 14.
10 of 16 steps (62%) done
Select jobs to execute...

[Mon Feb 23 12:58:30 2026]
rule bowtie2_filter:
    input: hcmv_bt2.1.bt2, hcmv_bt2.2.bt2, hcmv_bt2.3.bt2, hcmv_bt2.4.bt2, hcmv_bt2.rev.1.bt2, hcmv_bt2.rev.2.bt2, data/SRR5660045_1.fastq, data/SRR5660045_2.fastq
    output: results/SRR5660045_mapped.1.fastq, results/SRR5660045_mapped.2.fastq
    jobid: 17
    reason: Missing output files: results/SRR5660045_mapped.1.fastq, results/SRR5660045_mapped.2.fastq
    wildcards: sample=SRR5660045
    resources: tmpdir=/tmp

[Mon Feb 23 12:58:32 2026]
Finished job 17.
11 of 16 steps (69%) done
Select jobs to execute...

[Mon Feb 23 12:58:32 2026]
rule assemble_spades:
    input: results/SRR5660045_mapped.1.fastq, results/SRR5660045_mapped.2.fastq
    output: results/SRR5660045_assembly/contigs.fasta
    jobid: 16
    reason: Missing output files: results/SRR5660045_assembly/contigs.fasta; Input files updated by another job: results/SRR5660045_mapped.1.fastq, results/SRR5660045_mapped.2.fastq
    wildcards: sample=SRR5660045
    resources: tmpdir=/tmp

[Mon Feb 23 12:58:41 2026]
Finished job 16.
12 of 16 steps (75%) done
Select jobs to execute...

[Mon Feb 23 12:58:41 2026]
rule kallisto_quant:
    input: hcmv_index.idx, data/SRR5660033_1.fastq, data/SRR5660033_2.fastq
    output: results/SRR5660033_kallisto
    jobid: 6
    reason: Input files updated by another job: hcmv_index.idx
    wildcards: sample=SRR5660033
    resources: tmpdir=/tmp

[Mon Feb 23 12:58:41 2026]
Finished job 6.
13 of 16 steps (81%) done
Select jobs to execute...

[Mon Feb 23 12:58:41 2026]
rule run_sleuth:
    input: results/SRR5660030_kallisto, results/SRR5660033_kallisto, results/SRR5660044_kallisto, results/SRR5660045_kallisto
    output: results/sleuth_results.txt
    jobid: 2
    reason: Input files updated by another job: results/SRR5660033_kallisto, results/SRR5660030_kallisto, results/SRR5660045_kallisto, results/SRR5660044_kallisto
    resources: tmpdir=/tmp

[Mon Feb 23 12:58:45 2026]
Finished job 2.
14 of 16 steps (88%) done
Select jobs to execute...

[Mon Feb 23 12:58:45 2026]
rule final_report:
    input: results/sleuth_results.txt
    output: Fay_PipelineReport.txt
    jobid: 1
    reason: Input files updated by another job: results/sleuth_results.txt
    resources: tmpdir=/tmp

[Mon Feb 23 12:58:47 2026]
Finished job 1.
15 of 16 steps (94%) done
Select jobs to execute...

[Mon Feb 23 12:58:47 2026]
localrule all:
    input: Fay_PipelineReport.txt, results/SRR5660030_assembly/contigs.fasta, results/SRR5660033_assembly/contigs.fasta, results/SRR5660044_assembly/contigs.fasta, results/SRR5660045_assembly/contigs.fasta
    jobid: 0
    reason: Input files updated by another job: results/SRR5660045_assembly/contigs.fasta, Fay_PipelineReport.txt, results/SRR5660044_assembly/contigs.fasta, results/SRR5660033_assembly/contigs.fasta, results/SRR5660030_assembly/contigs.fasta
    resources: tmpdir=/tmp

[Mon Feb 23 12:58:47 2026]
Finished job 0.
16 of 16 steps (100%) done
Complete log: .snakemake/log/2026-02-23T125749.436970.snakemake.log
